<?xml version="1.0" encoding="UTF-8"?>
<testng-results ignored="0" total="26" passed="23" failed="0" skipped="3">
  <reporter-output>
    <line>
      <![CDATA[onStart]]>
    </line>
    <line>
      <![CDATA[tc_001_verifyLoginPage is onTestStart]]>
    </line>
    <line>
      <![CDATA[tc_002_verifyUsernamePlaceholder is onTestStart]]>
    </line>
    <line>
      <![CDATA[tc_003_verifyPasswordPlaceholder is onTestStart]]>
    </line>
    <line>
      <![CDATA[tc_004_verifyUsernamePlaceholder is onTestStart]]>
    </line>
    <line>
      <![CDATA[tc_005_verifyPasswordPlaceholder is onTestStart]]>
    </line>
    <line>
      <![CDATA[tc_006_verifyLoginButtonEnabled is onTestStart]]>
    </line>
    <line>
      <![CDATA[tc_007_verifyForgotPasswordLink is onTestStart]]>
    </line>
    <line>
      <![CDATA[tc_008_validateLoginBehavior is onTestStart]]>
    </line>
    <line>
      <![CDATA[tc_008_validateLoginBehavior is onTestStart]]>
    </line>
    <line>
      <![CDATA[tc_008_validateLoginBehavior is onTestStart]]>
    </line>
    <line>
      <![CDATA[tc_008_validateLoginBehavior is onTestStart]]>
    </line>
    <line>
      <![CDATA[tc_008_validateLoginBehavior is onTestStart]]>
    </line>
    <line>
      <![CDATA[tc_008_validateLoginBehavior is onTestStart]]>
    </line>
    <line>
      <![CDATA[tc_008_validateLoginBehavior is onTestStart]]>
    </line>
    <line>
      <![CDATA[tc_008_validateLoginBehavior is onTestStart]]>
    </line>
    <line>
      <![CDATA[tc_009_verifyErrorMessageText is onTestStart]]>
    </line>
    <line>
      <![CDATA[tc_009_verifyErrorMessageText is onTestStart]]>
    </line>
    <line>
      <![CDATA[tc_009_verifyErrorMessageText is onTestStart]]>
    </line>
    <line>
      <![CDATA[tc_009_verifyErrorMessageText is onTestStart]]>
    </line>
    <line>
      <![CDATA[tc_009_verifyErrorMessageText is onTestStart]]>
    </line>
    <line>
      <![CDATA[tc_009_verifyErrorMessageText is onTestStart]]>
    </line>
    <line>
      <![CDATA[tc_009_verifyErrorMessageText is onTestStart]]>
    </line>
    <line>
      <![CDATA[tc_009_verifyErrorMessageText is onTestStart]]>
    </line>
    <line>
      <![CDATA[tc_010_verifyErrorForEmptyCredentials is onTestStart]]>
    </line>
    <line>
      <![CDATA[tc_011_verifySocialIconsDisplayed is onTestStart]]>
    </line>
    <line>
      <![CDATA[tc_012_verifyFooterText is onTestStart]]>
    </line>
  </reporter-output>
  <suite started-at="2025-12-17T02:47:54 IST" name="Default suite" finished-at="2025-12-17T02:50:49 IST" duration-ms="175088">
    <groups>
    </groups>
    <test started-at="2025-12-17T02:47:54 IST" name="Default test" finished-at="2025-12-17T02:50:49 IST" duration-ms="175088">
      <class name="functionalTesting.LoginTest">
        <test-method is-config="true" signature="precondition()[pri:0, instance:functionalTesting.LoginTest@22555ebf]" started-at="2025-12-17T02:47:54 IST" name="precondition" finished-at="2025-12-17T02:48:00 IST" duration-ms="5312" status="PASS">
          <reporter-output>
          </reporter-output>
        </test-method> <!-- precondition -->
        <test-method signature="tc_001_verifyLoginPage()[pri:0, instance:functionalTesting.LoginTest@22555ebf]" started-at="2025-12-17T02:48:00 IST" name="tc_001_verifyLoginPage" finished-at="2025-12-17T02:48:00 IST" duration-ms="592" status="PASS">
          <reporter-output>
            <line>
              <![CDATA[tc_001_verifyLoginPage is onTestStart]]>
            </line>
          </reporter-output>
        </test-method> <!-- tc_001_verifyLoginPage -->
        <test-method is-config="true" signature="postcondition()[pri:0, instance:functionalTesting.LoginTest@22555ebf]" started-at="2025-12-17T02:48:00 IST" name="postcondition" finished-at="2025-12-17T02:48:00 IST" duration-ms="193" status="PASS">
          <reporter-output>
          </reporter-output>
        </test-method> <!-- postcondition -->
        <test-method is-config="true" signature="precondition()[pri:0, instance:functionalTesting.LoginTest@22555ebf]" started-at="2025-12-17T02:48:00 IST" name="precondition" finished-at="2025-12-17T02:48:06 IST" duration-ms="5511" status="PASS">
          <reporter-output>
          </reporter-output>
        </test-method> <!-- precondition -->
        <test-method signature="tc_002_verifyUsernamePlaceholder()[pri:1, instance:functionalTesting.LoginTest@22555ebf]" started-at="2025-12-17T02:48:06 IST" name="tc_002_verifyUsernamePlaceholder" finished-at="2025-12-17T02:48:06 IST" duration-ms="559" status="PASS">
          <reporter-output>
            <line>
              <![CDATA[tc_002_verifyUsernamePlaceholder is onTestStart]]>
            </line>
          </reporter-output>
        </test-method> <!-- tc_002_verifyUsernamePlaceholder -->
        <test-method is-config="true" signature="postcondition()[pri:0, instance:functionalTesting.LoginTest@22555ebf]" started-at="2025-12-17T02:48:06 IST" name="postcondition" finished-at="2025-12-17T02:48:07 IST" duration-ms="180" status="PASS">
          <reporter-output>
          </reporter-output>
        </test-method> <!-- postcondition -->
        <test-method is-config="true" signature="precondition()[pri:0, instance:functionalTesting.LoginTest@22555ebf]" started-at="2025-12-17T02:48:07 IST" name="precondition" finished-at="2025-12-17T02:48:11 IST" duration-ms="4347" status="PASS">
          <reporter-output>
          </reporter-output>
        </test-method> <!-- precondition -->
        <test-method signature="tc_003_verifyPasswordPlaceholder()[pri:2, instance:functionalTesting.LoginTest@22555ebf]" started-at="2025-12-17T02:48:11 IST" name="tc_003_verifyPasswordPlaceholder" finished-at="2025-12-17T02:48:12 IST" duration-ms="677" status="PASS">
          <reporter-output>
            <line>
              <![CDATA[tc_003_verifyPasswordPlaceholder is onTestStart]]>
            </line>
          </reporter-output>
        </test-method> <!-- tc_003_verifyPasswordPlaceholder -->
        <test-method is-config="true" signature="postcondition()[pri:0, instance:functionalTesting.LoginTest@22555ebf]" started-at="2025-12-17T02:48:12 IST" name="postcondition" finished-at="2025-12-17T02:48:12 IST" duration-ms="193" status="PASS">
          <reporter-output>
          </reporter-output>
        </test-method> <!-- postcondition -->
        <test-method is-config="true" signature="precondition()[pri:0, instance:functionalTesting.LoginTest@22555ebf]" started-at="2025-12-17T02:48:12 IST" name="precondition" finished-at="2025-12-17T02:48:17 IST" duration-ms="4732" status="PASS">
          <reporter-output>
          </reporter-output>
        </test-method> <!-- precondition -->
        <test-method signature="tc_004_verifyUsernamePlaceholder()[pri:3, instance:functionalTesting.LoginTest@22555ebf]" started-at="2025-12-17T02:48:17 IST" name="tc_004_verifyUsernamePlaceholder" finished-at="2025-12-17T02:48:19 IST" duration-ms="2861" status="PASS">
          <reporter-output>
            <line>
              <![CDATA[tc_004_verifyUsernamePlaceholder is onTestStart]]>
            </line>
          </reporter-output>
        </test-method> <!-- tc_004_verifyUsernamePlaceholder -->
        <test-method is-config="true" signature="postcondition()[pri:0, instance:functionalTesting.LoginTest@22555ebf]" started-at="2025-12-17T02:48:19 IST" name="postcondition" finished-at="2025-12-17T02:48:20 IST" duration-ms="207" status="PASS">
          <reporter-output>
          </reporter-output>
        </test-method> <!-- postcondition -->
        <test-method is-config="true" signature="precondition()[pri:0, instance:functionalTesting.LoginTest@22555ebf]" started-at="2025-12-17T02:48:20 IST" name="precondition" finished-at="2025-12-17T02:48:24 IST" duration-ms="4678" status="PASS">
          <reporter-output>
          </reporter-output>
        </test-method> <!-- precondition -->
        <test-method signature="tc_005_verifyPasswordPlaceholder()[pri:4, instance:functionalTesting.LoginTest@22555ebf]" started-at="2025-12-17T02:48:24 IST" name="tc_005_verifyPasswordPlaceholder" finished-at="2025-12-17T02:48:25 IST" duration-ms="756" status="PASS">
          <reporter-output>
            <line>
              <![CDATA[tc_005_verifyPasswordPlaceholder is onTestStart]]>
            </line>
          </reporter-output>
        </test-method> <!-- tc_005_verifyPasswordPlaceholder -->
        <test-method is-config="true" signature="postcondition()[pri:0, instance:functionalTesting.LoginTest@22555ebf]" started-at="2025-12-17T02:48:25 IST" name="postcondition" finished-at="2025-12-17T02:48:25 IST" duration-ms="191" status="PASS">
          <reporter-output>
          </reporter-output>
        </test-method> <!-- postcondition -->
        <test-method is-config="true" signature="precondition()[pri:0, instance:functionalTesting.LoginTest@22555ebf]" started-at="2025-12-17T02:48:25 IST" name="precondition" finished-at="2025-12-17T02:48:30 IST" duration-ms="5125" status="PASS">
          <reporter-output>
          </reporter-output>
        </test-method> <!-- precondition -->
        <test-method signature="tc_006_verifyLoginButtonEnabled()[pri:5, instance:functionalTesting.LoginTest@22555ebf]" started-at="2025-12-17T02:48:30 IST" name="tc_006_verifyLoginButtonEnabled" finished-at="2025-12-17T02:48:31 IST" duration-ms="547" status="PASS">
          <reporter-output>
            <line>
              <![CDATA[tc_006_verifyLoginButtonEnabled is onTestStart]]>
            </line>
          </reporter-output>
        </test-method> <!-- tc_006_verifyLoginButtonEnabled -->
        <test-method is-config="true" signature="postcondition()[pri:0, instance:functionalTesting.LoginTest@22555ebf]" started-at="2025-12-17T02:48:31 IST" name="postcondition" finished-at="2025-12-17T02:48:31 IST" duration-ms="190" status="PASS">
          <reporter-output>
          </reporter-output>
        </test-method> <!-- postcondition -->
        <test-method is-config="true" signature="precondition()[pri:0, instance:functionalTesting.LoginTest@22555ebf]" started-at="2025-12-17T02:48:31 IST" name="precondition" finished-at="2025-12-17T02:48:36 IST" duration-ms="4771" status="PASS">
          <reporter-output>
          </reporter-output>
        </test-method> <!-- precondition -->
        <test-method signature="tc_007_verifyForgotPasswordLink()[pri:6, instance:functionalTesting.LoginTest@22555ebf]" started-at="2025-12-17T02:48:36 IST" name="tc_007_verifyForgotPasswordLink" finished-at="2025-12-17T02:48:37 IST" duration-ms="1128" status="PASS">
          <reporter-output>
            <line>
              <![CDATA[tc_007_verifyForgotPasswordLink is onTestStart]]>
            </line>
          </reporter-output>
        </test-method> <!-- tc_007_verifyForgotPasswordLink -->
        <test-method is-config="true" signature="postcondition()[pri:0, instance:functionalTesting.LoginTest@22555ebf]" started-at="2025-12-17T02:48:37 IST" name="postcondition" finished-at="2025-12-17T02:48:37 IST" duration-ms="183" status="PASS">
          <reporter-output>
          </reporter-output>
        </test-method> <!-- postcondition -->
        <test-method is-config="true" signature="precondition()[pri:0, instance:functionalTesting.LoginTest@22555ebf]" started-at="2025-12-17T02:48:38 IST" name="precondition" finished-at="2025-12-17T02:48:43 IST" duration-ms="4797" status="PASS">
          <reporter-output>
          </reporter-output>
        </test-method> <!-- precondition -->
        <test-method signature="tc_008_validateLoginBehavior(java.lang.String,java.lang.String,java.lang.String)[pri:7, instance:functionalTesting.LoginTest@22555ebf]" started-at="2025-12-17T02:48:43 IST" name="tc_008_validateLoginBehavior" data-provider="loginData" finished-at="2025-12-17T02:48:46 IST" duration-ms="2648" status="PASS">
          <params>
            <param index="0">
              <value>
                <![CDATA[Admin]]>
              </value>
            </param>
            <param index="1">
              <value>
                <![CDATA[admin123]]>
              </value>
            </param>
            <param index="2">
              <value>
                <![CDATA[Valid]]>
              </value>
            </param>
          </params>
          <reporter-output>
            <line>
              <![CDATA[tc_008_validateLoginBehavior is onTestStart]]>
            </line>
          </reporter-output>
        </test-method> <!-- tc_008_validateLoginBehavior -->
        <test-method is-config="true" signature="postcondition()[pri:0, instance:functionalTesting.LoginTest@22555ebf]" started-at="2025-12-17T02:48:46 IST" name="postcondition" finished-at="2025-12-17T02:48:46 IST" duration-ms="181" status="PASS">
          <reporter-output>
          </reporter-output>
        </test-method> <!-- postcondition -->
        <test-method is-config="true" signature="precondition()[pri:0, instance:functionalTesting.LoginTest@22555ebf]" started-at="2025-12-17T02:48:46 IST" name="precondition" finished-at="2025-12-17T02:48:51 IST" duration-ms="4934" status="PASS">
          <reporter-output>
          </reporter-output>
        </test-method> <!-- precondition -->
        <test-method signature="tc_008_validateLoginBehavior(java.lang.String,java.lang.String,java.lang.String)[pri:7, instance:functionalTesting.LoginTest@22555ebf]" started-at="2025-12-17T02:48:51 IST" name="tc_008_validateLoginBehavior" data-provider="loginData" finished-at="2025-12-17T02:48:54 IST" duration-ms="2939" status="PASS">
          <params>
            <param index="0">
              <value>
                <![CDATA[Admin ]]>
              </value>
            </param>
            <param index="1">
              <value>
                <![CDATA[wrong123]]>
              </value>
            </param>
            <param index="2">
              <value>
                <![CDATA[Invalid]]>
              </value>
            </param>
          </params>
          <reporter-output>
            <line>
              <![CDATA[tc_008_validateLoginBehavior is onTestStart]]>
            </line>
          </reporter-output>
        </test-method> <!-- tc_008_validateLoginBehavior -->
        <test-method is-config="true" signature="postcondition()[pri:0, instance:functionalTesting.LoginTest@22555ebf]" started-at="2025-12-17T02:48:54 IST" name="postcondition" finished-at="2025-12-17T02:48:54 IST" duration-ms="174" status="PASS">
          <reporter-output>
          </reporter-output>
        </test-method> <!-- postcondition -->
        <test-method is-config="true" signature="precondition()[pri:0, instance:functionalTesting.LoginTest@22555ebf]" started-at="2025-12-17T02:48:54 IST" name="precondition" finished-at="2025-12-17T02:48:59 IST" duration-ms="4890" status="PASS">
          <reporter-output>
          </reporter-output>
        </test-method> <!-- precondition -->
        <test-method signature="tc_008_validateLoginBehavior(java.lang.String,java.lang.String,java.lang.String)[pri:7, instance:functionalTesting.LoginTest@22555ebf]" started-at="2025-12-17T02:48:59 IST" name="tc_008_validateLoginBehavior" data-provider="loginData" finished-at="2025-12-17T02:49:01 IST" duration-ms="2347" status="PASS">
          <params>
            <param index="0">
              <value>
                <![CDATA[wrongUser]]>
              </value>
            </param>
            <param index="1">
              <value>
                <![CDATA[wrong123]]>
              </value>
            </param>
            <param index="2">
              <value>
                <![CDATA[Invalid]]>
              </value>
            </param>
          </params>
          <reporter-output>
            <line>
              <![CDATA[tc_008_validateLoginBehavior is onTestStart]]>
            </line>
          </reporter-output>
        </test-method> <!-- tc_008_validateLoginBehavior -->
        <test-method is-config="true" signature="postcondition()[pri:0, instance:functionalTesting.LoginTest@22555ebf]" started-at="2025-12-17T02:49:01 IST" name="postcondition" finished-at="2025-12-17T02:49:01 IST" duration-ms="176" status="PASS">
          <reporter-output>
          </reporter-output>
        </test-method> <!-- postcondition -->
        <test-method is-config="true" signature="precondition()[pri:0, instance:functionalTesting.LoginTest@22555ebf]" started-at="2025-12-17T02:49:01 IST" name="precondition" finished-at="2025-12-17T02:49:06 IST" duration-ms="4513" status="PASS">
          <reporter-output>
          </reporter-output>
        </test-method> <!-- precondition -->
        <test-method signature="tc_008_validateLoginBehavior(java.lang.String,java.lang.String,java.lang.String)[pri:7, instance:functionalTesting.LoginTest@22555ebf]" started-at="2025-12-17T02:49:06 IST" name="tc_008_validateLoginBehavior" data-provider="loginData" finished-at="2025-12-17T02:49:09 IST" duration-ms="2782" status="PASS">
          <params>
            <param index="0">
              <value>
                <![CDATA[ADMIN]]>
              </value>
            </param>
            <param index="1">
              <value>
                <![CDATA[admin123]]>
              </value>
            </param>
            <param index="2">
              <value>
                <![CDATA[Valid]]>
              </value>
            </param>
          </params>
          <reporter-output>
            <line>
              <![CDATA[tc_008_validateLoginBehavior is onTestStart]]>
            </line>
          </reporter-output>
        </test-method> <!-- tc_008_validateLoginBehavior -->
        <test-method is-config="true" signature="postcondition()[pri:0, instance:functionalTesting.LoginTest@22555ebf]" started-at="2025-12-17T02:49:09 IST" name="postcondition" finished-at="2025-12-17T02:49:09 IST" duration-ms="176" status="PASS">
          <reporter-output>
          </reporter-output>
        </test-method> <!-- postcondition -->
        <test-method is-config="true" signature="precondition()[pri:0, instance:functionalTesting.LoginTest@22555ebf]" started-at="2025-12-17T02:49:09 IST" name="precondition" finished-at="2025-12-17T02:49:13 IST" duration-ms="4351" status="PASS">
          <reporter-output>
          </reporter-output>
        </test-method> <!-- precondition -->
        <test-method signature="tc_008_validateLoginBehavior(java.lang.String,java.lang.String,java.lang.String)[pri:7, instance:functionalTesting.LoginTest@22555ebf]" started-at="2025-12-17T02:49:13 IST" name="tc_008_validateLoginBehavior" data-provider="loginData" finished-at="2025-12-17T02:49:15 IST" duration-ms="2097" status="PASS">
          <params>
            <param index="0">
              <value>
                <![CDATA[admin]]>
              </value>
            </param>
            <param index="1">
              <value>
                <![CDATA[admin123]]>
              </value>
            </param>
            <param index="2">
              <value>
                <![CDATA[Valid]]>
              </value>
            </param>
          </params>
          <reporter-output>
            <line>
              <![CDATA[tc_008_validateLoginBehavior is onTestStart]]>
            </line>
          </reporter-output>
        </test-method> <!-- tc_008_validateLoginBehavior -->
        <test-method is-config="true" signature="postcondition()[pri:0, instance:functionalTesting.LoginTest@22555ebf]" started-at="2025-12-17T02:49:15 IST" name="postcondition" finished-at="2025-12-17T02:49:15 IST" duration-ms="223" status="PASS">
          <reporter-output>
          </reporter-output>
        </test-method> <!-- postcondition -->
        <test-method is-config="true" signature="precondition()[pri:0, instance:functionalTesting.LoginTest@22555ebf]" started-at="2025-12-17T02:49:15 IST" name="precondition" finished-at="2025-12-17T02:49:20 IST" duration-ms="4586" status="PASS">
          <reporter-output>
          </reporter-output>
        </test-method> <!-- precondition -->
        <test-method signature="tc_008_validateLoginBehavior(java.lang.String,java.lang.String,java.lang.String)[pri:7, instance:functionalTesting.LoginTest@22555ebf]" started-at="2025-12-17T02:49:20 IST" name="tc_008_validateLoginBehavior" data-provider="loginData" finished-at="2025-12-17T02:49:23 IST" duration-ms="3030" status="PASS">
          <params>
            <param index="0">
              <value>
                <![CDATA[Admin]]>
              </value>
            </param>
            <param index="1">
              <value>
                <![CDATA[Admin123]]>
              </value>
            </param>
            <param index="2">
              <value>
                <![CDATA[Invalid]]>
              </value>
            </param>
          </params>
          <reporter-output>
            <line>
              <![CDATA[tc_008_validateLoginBehavior is onTestStart]]>
            </line>
          </reporter-output>
        </test-method> <!-- tc_008_validateLoginBehavior -->
        <test-method is-config="true" signature="postcondition()[pri:0, instance:functionalTesting.LoginTest@22555ebf]" started-at="2025-12-17T02:49:23 IST" name="postcondition" finished-at="2025-12-17T02:49:23 IST" duration-ms="191" status="PASS">
          <reporter-output>
          </reporter-output>
        </test-method> <!-- postcondition -->
        <test-method is-config="true" signature="precondition()[pri:0, instance:functionalTesting.LoginTest@22555ebf]" started-at="2025-12-17T02:49:23 IST" name="precondition" finished-at="2025-12-17T02:49:30 IST" duration-ms="6597" status="PASS">
          <reporter-output>
          </reporter-output>
        </test-method> <!-- precondition -->
        <test-method signature="tc_008_validateLoginBehavior(java.lang.String,java.lang.String,java.lang.String)[pri:7, instance:functionalTesting.LoginTest@22555ebf]" started-at="2025-12-17T02:49:30 IST" name="tc_008_validateLoginBehavior" data-provider="loginData" finished-at="2025-12-17T02:49:33 IST" duration-ms="2812" status="PASS">
          <params>
            <param index="0">
              <value>
                <![CDATA[Admin]]>
              </value>
            </param>
            <param index="1">
              <value>
                <![CDATA['OR '1'='1]]>
              </value>
            </param>
            <param index="2">
              <value>
                <![CDATA[Invalid]]>
              </value>
            </param>
          </params>
          <reporter-output>
            <line>
              <![CDATA[tc_008_validateLoginBehavior is onTestStart]]>
            </line>
          </reporter-output>
        </test-method> <!-- tc_008_validateLoginBehavior -->
        <test-method is-config="true" signature="postcondition()[pri:0, instance:functionalTesting.LoginTest@22555ebf]" started-at="2025-12-17T02:49:33 IST" name="postcondition" finished-at="2025-12-17T02:49:33 IST" duration-ms="192" status="PASS">
          <reporter-output>
          </reporter-output>
        </test-method> <!-- postcondition -->
        <test-method is-config="true" signature="precondition()[pri:0, instance:functionalTesting.LoginTest@22555ebf]" started-at="2025-12-17T02:49:33 IST" name="precondition" finished-at="2025-12-17T02:49:37 IST" duration-ms="4416" status="PASS">
          <reporter-output>
          </reporter-output>
        </test-method> <!-- precondition -->
        <test-method signature="tc_008_validateLoginBehavior(java.lang.String,java.lang.String,java.lang.String)[pri:7, instance:functionalTesting.LoginTest@22555ebf]" started-at="2025-12-17T02:49:37 IST" name="tc_008_validateLoginBehavior" data-provider="loginData" finished-at="2025-12-17T02:49:41 IST" duration-ms="3431" status="PASS">
          <params>
            <param index="0">
              <value>
                <![CDATA[Admin]]>
              </value>
            </param>
            <param index="1">
              <value>
                <![CDATA[admin123@]]>
              </value>
            </param>
            <param index="2">
              <value>
                <![CDATA[Invalid]]>
              </value>
            </param>
          </params>
          <reporter-output>
            <line>
              <![CDATA[tc_008_validateLoginBehavior is onTestStart]]>
            </line>
          </reporter-output>
        </test-method> <!-- tc_008_validateLoginBehavior -->
        <test-method is-config="true" signature="postcondition()[pri:0, instance:functionalTesting.LoginTest@22555ebf]" started-at="2025-12-17T02:49:41 IST" name="postcondition" finished-at="2025-12-17T02:49:41 IST" duration-ms="166" status="PASS">
          <reporter-output>
          </reporter-output>
        </test-method> <!-- postcondition -->
        <test-method is-config="true" signature="precondition()[pri:0, instance:functionalTesting.LoginTest@22555ebf]" started-at="2025-12-17T02:49:41 IST" name="precondition" finished-at="2025-12-17T02:49:46 IST" duration-ms="4702" status="PASS">
          <reporter-output>
          </reporter-output>
        </test-method> <!-- precondition -->
        <test-method signature="tc_009_verifyErrorMessageText(java.lang.String,java.lang.String,java.lang.String)[pri:8, instance:functionalTesting.LoginTest@22555ebf]" started-at="2025-12-17T02:49:46 IST" name="tc_009_verifyErrorMessageText" data-provider="loginData" finished-at="2025-12-17T02:49:46 IST" duration-ms="3" status="SKIP">
          <params>
            <param index="0">
              <value>
                <![CDATA[Admin]]>
              </value>
            </param>
            <param index="1">
              <value>
                <![CDATA[admin123]]>
              </value>
            </param>
            <param index="2">
              <value>
                <![CDATA[Valid]]>
              </value>
            </param>
          </params>
          <exception class="org.testng.SkipException">
            <message>
              <![CDATA[Skipping valid login case]]>
            </message>
            <full-stacktrace>
              <![CDATA[org.testng.SkipException: Skipping valid login case
at functionalTesting.LoginTest.tc_009_verifyErrorMessageText(LoginTest.java:84)
at java.base/jdk.internal.reflect.DirectMethodHandleAccessor.invoke(DirectMethodHandleAccessor.java:103)
at java.base/java.lang.reflect.Method.invoke(Method.java:580)
at org.testng.internal.invokers.MethodInvocationHelper.invokeMethod(MethodInvocationHelper.java:141)
at org.testng.internal.invokers.TestInvoker.invokeMethod(TestInvoker.java:687)
at org.testng.internal.invokers.TestInvoker.invokeTestMethod(TestInvoker.java:230)
at org.testng.internal.invokers.MethodRunner.runInSequence(MethodRunner.java:63)
at org.testng.internal.invokers.TestInvoker$MethodInvocationAgent.invoke(TestInvoker.java:995)
at org.testng.internal.invokers.TestInvoker.invokeTestMethods(TestInvoker.java:203)
at org.testng.internal.invokers.TestMethodWorker.invokeTestMethods(TestMethodWorker.java:154)
at org.testng.internal.invokers.TestMethodWorker.run(TestMethodWorker.java:134)
at java.base/java.util.ArrayList.forEach(ArrayList.java:1596)
at org.testng.TestRunner.privateRun(TestRunner.java:741)
at org.testng.TestRunner.run(TestRunner.java:616)
at org.testng.SuiteRunner.runTest(SuiteRunner.java:421)
at org.testng.SuiteRunner.runSequentially(SuiteRunner.java:413)
at org.testng.SuiteRunner.privateRun(SuiteRunner.java:373)
at org.testng.SuiteRunner.run(SuiteRunner.java:312)
at org.testng.SuiteRunnerWorker.runSuite(SuiteRunnerWorker.java:52)
at org.testng.SuiteRunnerWorker.run(SuiteRunnerWorker.java:95)
at org.testng.TestNG.runSuitesSequentially(TestNG.java:1274)
at org.testng.TestNG.runSuitesLocally(TestNG.java:1208)
at org.testng.TestNG.runSuites(TestNG.java:1112)
at org.testng.TestNG.run(TestNG.java:1079)
at org.testng.remote.AbstractRemoteTestNG.run(AbstractRemoteTestNG.java:115)
at org.testng.remote.RemoteTestNG.initAndRun(RemoteTestNG.java:293)
at org.testng.remote.RemoteTestNG.main(RemoteTestNG.java:91)
]]>
            </full-stacktrace>
          </exception> <!-- org.testng.SkipException -->
          <reporter-output>
            <line>
              <![CDATA[tc_009_verifyErrorMessageText is onTestStart]]>
            </line>
          </reporter-output>
        </test-method> <!-- tc_009_verifyErrorMessageText -->
        <test-method is-config="true" signature="postcondition()[pri:0, instance:functionalTesting.LoginTest@22555ebf]" started-at="2025-12-17T02:49:46 IST" name="postcondition" finished-at="2025-12-17T02:49:46 IST" duration-ms="178" status="PASS">
          <reporter-output>
          </reporter-output>
        </test-method> <!-- postcondition -->
        <test-method is-config="true" signature="precondition()[pri:0, instance:functionalTesting.LoginTest@22555ebf]" started-at="2025-12-17T02:49:46 IST" name="precondition" finished-at="2025-12-17T02:49:51 IST" duration-ms="4694" status="PASS">
          <reporter-output>
          </reporter-output>
        </test-method> <!-- precondition -->
        <test-method signature="tc_009_verifyErrorMessageText(java.lang.String,java.lang.String,java.lang.String)[pri:8, instance:functionalTesting.LoginTest@22555ebf]" started-at="2025-12-17T02:49:51 IST" name="tc_009_verifyErrorMessageText" data-provider="loginData" finished-at="2025-12-17T02:49:53 IST" duration-ms="2841" status="PASS">
          <params>
            <param index="0">
              <value>
                <![CDATA[Admin ]]>
              </value>
            </param>
            <param index="1">
              <value>
                <![CDATA[wrong123]]>
              </value>
            </param>
            <param index="2">
              <value>
                <![CDATA[Invalid]]>
              </value>
            </param>
          </params>
          <reporter-output>
            <line>
              <![CDATA[tc_009_verifyErrorMessageText is onTestStart]]>
            </line>
          </reporter-output>
        </test-method> <!-- tc_009_verifyErrorMessageText -->
        <test-method is-config="true" signature="postcondition()[pri:0, instance:functionalTesting.LoginTest@22555ebf]" started-at="2025-12-17T02:49:53 IST" name="postcondition" finished-at="2025-12-17T02:49:54 IST" duration-ms="170" status="PASS">
          <reporter-output>
          </reporter-output>
        </test-method> <!-- postcondition -->
        <test-method is-config="true" signature="precondition()[pri:0, instance:functionalTesting.LoginTest@22555ebf]" started-at="2025-12-17T02:49:54 IST" name="precondition" finished-at="2025-12-17T02:49:58 IST" duration-ms="4299" status="PASS">
          <reporter-output>
          </reporter-output>
        </test-method> <!-- precondition -->
        <test-method signature="tc_009_verifyErrorMessageText(java.lang.String,java.lang.String,java.lang.String)[pri:8, instance:functionalTesting.LoginTest@22555ebf]" started-at="2025-12-17T02:49:58 IST" name="tc_009_verifyErrorMessageText" data-provider="loginData" finished-at="2025-12-17T02:50:00 IST" duration-ms="2451" status="PASS">
          <params>
            <param index="0">
              <value>
                <![CDATA[wrongUser]]>
              </value>
            </param>
            <param index="1">
              <value>
                <![CDATA[wrong123]]>
              </value>
            </param>
            <param index="2">
              <value>
                <![CDATA[Invalid]]>
              </value>
            </param>
          </params>
          <reporter-output>
            <line>
              <![CDATA[tc_009_verifyErrorMessageText is onTestStart]]>
            </line>
          </reporter-output>
        </test-method> <!-- tc_009_verifyErrorMessageText -->
        <test-method is-config="true" signature="postcondition()[pri:0, instance:functionalTesting.LoginTest@22555ebf]" started-at="2025-12-17T02:50:00 IST" name="postcondition" finished-at="2025-12-17T02:50:00 IST" duration-ms="180" status="PASS">
          <reporter-output>
          </reporter-output>
        </test-method> <!-- postcondition -->
        <test-method is-config="true" signature="precondition()[pri:0, instance:functionalTesting.LoginTest@22555ebf]" started-at="2025-12-17T02:50:00 IST" name="precondition" finished-at="2025-12-17T02:50:05 IST" duration-ms="4273" status="PASS">
          <reporter-output>
          </reporter-output>
        </test-method> <!-- precondition -->
        <test-method signature="tc_009_verifyErrorMessageText(java.lang.String,java.lang.String,java.lang.String)[pri:8, instance:functionalTesting.LoginTest@22555ebf]" started-at="2025-12-17T02:50:05 IST" name="tc_009_verifyErrorMessageText" data-provider="loginData" finished-at="2025-12-17T02:50:05 IST" duration-ms="1" status="SKIP">
          <params>
            <param index="0">
              <value>
                <![CDATA[ADMIN]]>
              </value>
            </param>
            <param index="1">
              <value>
                <![CDATA[admin123]]>
              </value>
            </param>
            <param index="2">
              <value>
                <![CDATA[Valid]]>
              </value>
            </param>
          </params>
          <exception class="org.testng.SkipException">
            <message>
              <![CDATA[Skipping valid login case]]>
            </message>
            <full-stacktrace>
              <![CDATA[org.testng.SkipException: Skipping valid login case
at functionalTesting.LoginTest.tc_009_verifyErrorMessageText(LoginTest.java:84)
at java.base/jdk.internal.reflect.DirectMethodHandleAccessor.invoke(DirectMethodHandleAccessor.java:103)
at java.base/java.lang.reflect.Method.invoke(Method.java:580)
at org.testng.internal.invokers.MethodInvocationHelper.invokeMethod(MethodInvocationHelper.java:141)
at org.testng.internal.invokers.TestInvoker.invokeMethod(TestInvoker.java:687)
at org.testng.internal.invokers.TestInvoker.invokeTestMethod(TestInvoker.java:230)
at org.testng.internal.invokers.MethodRunner.runInSequence(MethodRunner.java:63)
at org.testng.internal.invokers.TestInvoker$MethodInvocationAgent.invoke(TestInvoker.java:995)
at org.testng.internal.invokers.TestInvoker.invokeTestMethods(TestInvoker.java:203)
at org.testng.internal.invokers.TestMethodWorker.invokeTestMethods(TestMethodWorker.java:154)
at org.testng.internal.invokers.TestMethodWorker.run(TestMethodWorker.java:134)
at java.base/java.util.ArrayList.forEach(ArrayList.java:1596)
at org.testng.TestRunner.privateRun(TestRunner.java:741)
at org.testng.TestRunner.run(TestRunner.java:616)
at org.testng.SuiteRunner.runTest(SuiteRunner.java:421)
at org.testng.SuiteRunner.runSequentially(SuiteRunner.java:413)
at org.testng.SuiteRunner.privateRun(SuiteRunner.java:373)
at org.testng.SuiteRunner.run(SuiteRunner.java:312)
at org.testng.SuiteRunnerWorker.runSuite(SuiteRunnerWorker.java:52)
at org.testng.SuiteRunnerWorker.run(SuiteRunnerWorker.java:95)
at org.testng.TestNG.runSuitesSequentially(TestNG.java:1274)
at org.testng.TestNG.runSuitesLocally(TestNG.java:1208)
at org.testng.TestNG.runSuites(TestNG.java:1112)
at org.testng.TestNG.run(TestNG.java:1079)
at org.testng.remote.AbstractRemoteTestNG.run(AbstractRemoteTestNG.java:115)
at org.testng.remote.RemoteTestNG.initAndRun(RemoteTestNG.java:293)
at org.testng.remote.RemoteTestNG.main(RemoteTestNG.java:91)
]]>
            </full-stacktrace>
          </exception> <!-- org.testng.SkipException -->
          <reporter-output>
            <line>
              <![CDATA[tc_009_verifyErrorMessageText is onTestStart]]>
            </line>
          </reporter-output>
        </test-method> <!-- tc_009_verifyErrorMessageText -->
        <test-method is-config="true" signature="postcondition()[pri:0, instance:functionalTesting.LoginTest@22555ebf]" started-at="2025-12-17T02:50:05 IST" name="postcondition" finished-at="2025-12-17T02:50:05 IST" duration-ms="183" status="PASS">
          <reporter-output>
          </reporter-output>
        </test-method> <!-- postcondition -->
        <test-method is-config="true" signature="precondition()[pri:0, instance:functionalTesting.LoginTest@22555ebf]" started-at="2025-12-17T02:50:05 IST" name="precondition" finished-at="2025-12-17T02:50:10 IST" duration-ms="4669" status="PASS">
          <reporter-output>
          </reporter-output>
        </test-method> <!-- precondition -->
        <test-method signature="tc_009_verifyErrorMessageText(java.lang.String,java.lang.String,java.lang.String)[pri:8, instance:functionalTesting.LoginTest@22555ebf]" started-at="2025-12-17T02:50:10 IST" name="tc_009_verifyErrorMessageText" data-provider="loginData" finished-at="2025-12-17T02:50:10 IST" duration-ms="2" status="SKIP">
          <params>
            <param index="0">
              <value>
                <![CDATA[admin]]>
              </value>
            </param>
            <param index="1">
              <value>
                <![CDATA[admin123]]>
              </value>
            </param>
            <param index="2">
              <value>
                <![CDATA[Valid]]>
              </value>
            </param>
          </params>
          <exception class="org.testng.SkipException">
            <message>
              <![CDATA[Skipping valid login case]]>
            </message>
            <full-stacktrace>
              <![CDATA[org.testng.SkipException: Skipping valid login case
at functionalTesting.LoginTest.tc_009_verifyErrorMessageText(LoginTest.java:84)
at java.base/jdk.internal.reflect.DirectMethodHandleAccessor.invoke(DirectMethodHandleAccessor.java:103)
at java.base/java.lang.reflect.Method.invoke(Method.java:580)
at org.testng.internal.invokers.MethodInvocationHelper.invokeMethod(MethodInvocationHelper.java:141)
at org.testng.internal.invokers.TestInvoker.invokeMethod(TestInvoker.java:687)
at org.testng.internal.invokers.TestInvoker.invokeTestMethod(TestInvoker.java:230)
at org.testng.internal.invokers.MethodRunner.runInSequence(MethodRunner.java:63)
at org.testng.internal.invokers.TestInvoker$MethodInvocationAgent.invoke(TestInvoker.java:995)
at org.testng.internal.invokers.TestInvoker.invokeTestMethods(TestInvoker.java:203)
at org.testng.internal.invokers.TestMethodWorker.invokeTestMethods(TestMethodWorker.java:154)
at org.testng.internal.invokers.TestMethodWorker.run(TestMethodWorker.java:134)
at java.base/java.util.ArrayList.forEach(ArrayList.java:1596)
at org.testng.TestRunner.privateRun(TestRunner.java:741)
at org.testng.TestRunner.run(TestRunner.java:616)
at org.testng.SuiteRunner.runTest(SuiteRunner.java:421)
at org.testng.SuiteRunner.runSequentially(SuiteRunner.java:413)
at org.testng.SuiteRunner.privateRun(SuiteRunner.java:373)
at org.testng.SuiteRunner.run(SuiteRunner.java:312)
at org.testng.SuiteRunnerWorker.runSuite(SuiteRunnerWorker.java:52)
at org.testng.SuiteRunnerWorker.run(SuiteRunnerWorker.java:95)
at org.testng.TestNG.runSuitesSequentially(TestNG.java:1274)
at org.testng.TestNG.runSuitesLocally(TestNG.java:1208)
at org.testng.TestNG.runSuites(TestNG.java:1112)
at org.testng.TestNG.run(TestNG.java:1079)
at org.testng.remote.AbstractRemoteTestNG.run(AbstractRemoteTestNG.java:115)
at org.testng.remote.RemoteTestNG.initAndRun(RemoteTestNG.java:293)
at org.testng.remote.RemoteTestNG.main(RemoteTestNG.java:91)
]]>
            </full-stacktrace>
          </exception> <!-- org.testng.SkipException -->
          <reporter-output>
            <line>
              <![CDATA[tc_009_verifyErrorMessageText is onTestStart]]>
            </line>
          </reporter-output>
        </test-method> <!-- tc_009_verifyErrorMessageText -->
        <test-method is-config="true" signature="postcondition()[pri:0, instance:functionalTesting.LoginTest@22555ebf]" started-at="2025-12-17T02:50:10 IST" name="postcondition" finished-at="2025-12-17T02:50:10 IST" duration-ms="175" status="PASS">
          <reporter-output>
          </reporter-output>
        </test-method> <!-- postcondition -->
        <test-method is-config="true" signature="precondition()[pri:0, instance:functionalTesting.LoginTest@22555ebf]" started-at="2025-12-17T02:50:10 IST" name="precondition" finished-at="2025-12-17T02:50:14 IST" duration-ms="4298" status="PASS">
          <reporter-output>
          </reporter-output>
        </test-method> <!-- precondition -->
        <test-method signature="tc_009_verifyErrorMessageText(java.lang.String,java.lang.String,java.lang.String)[pri:8, instance:functionalTesting.LoginTest@22555ebf]" started-at="2025-12-17T02:50:14 IST" name="tc_009_verifyErrorMessageText" data-provider="loginData" finished-at="2025-12-17T02:50:17 IST" duration-ms="2708" status="PASS">
          <params>
            <param index="0">
              <value>
                <![CDATA[Admin]]>
              </value>
            </param>
            <param index="1">
              <value>
                <![CDATA[Admin123]]>
              </value>
            </param>
            <param index="2">
              <value>
                <![CDATA[Invalid]]>
              </value>
            </param>
          </params>
          <reporter-output>
            <line>
              <![CDATA[tc_009_verifyErrorMessageText is onTestStart]]>
            </line>
          </reporter-output>
        </test-method> <!-- tc_009_verifyErrorMessageText -->
        <test-method is-config="true" signature="postcondition()[pri:0, instance:functionalTesting.LoginTest@22555ebf]" started-at="2025-12-17T02:50:17 IST" name="postcondition" finished-at="2025-12-17T02:50:17 IST" duration-ms="205" status="PASS">
          <reporter-output>
          </reporter-output>
        </test-method> <!-- postcondition -->
        <test-method is-config="true" signature="precondition()[pri:0, instance:functionalTesting.LoginTest@22555ebf]" started-at="2025-12-17T02:50:17 IST" name="precondition" finished-at="2025-12-17T02:50:22 IST" duration-ms="4603" status="PASS">
          <reporter-output>
          </reporter-output>
        </test-method> <!-- precondition -->
        <test-method signature="tc_009_verifyErrorMessageText(java.lang.String,java.lang.String,java.lang.String)[pri:8, instance:functionalTesting.LoginTest@22555ebf]" started-at="2025-12-17T02:50:22 IST" name="tc_009_verifyErrorMessageText" data-provider="loginData" finished-at="2025-12-17T02:50:25 IST" duration-ms="2977" status="PASS">
          <params>
            <param index="0">
              <value>
                <![CDATA[Admin]]>
              </value>
            </param>
            <param index="1">
              <value>
                <![CDATA['OR '1'='1]]>
              </value>
            </param>
            <param index="2">
              <value>
                <![CDATA[Invalid]]>
              </value>
            </param>
          </params>
          <reporter-output>
            <line>
              <![CDATA[tc_009_verifyErrorMessageText is onTestStart]]>
            </line>
          </reporter-output>
        </test-method> <!-- tc_009_verifyErrorMessageText -->
        <test-method is-config="true" signature="postcondition()[pri:0, instance:functionalTesting.LoginTest@22555ebf]" started-at="2025-12-17T02:50:25 IST" name="postcondition" finished-at="2025-12-17T02:50:25 IST" duration-ms="183" status="PASS">
          <reporter-output>
          </reporter-output>
        </test-method> <!-- postcondition -->
        <test-method is-config="true" signature="precondition()[pri:0, instance:functionalTesting.LoginTest@22555ebf]" started-at="2025-12-17T02:50:25 IST" name="precondition" finished-at="2025-12-17T02:50:30 IST" duration-ms="5381" status="PASS">
          <reporter-output>
          </reporter-output>
        </test-method> <!-- precondition -->
        <test-method signature="tc_009_verifyErrorMessageText(java.lang.String,java.lang.String,java.lang.String)[pri:8, instance:functionalTesting.LoginTest@22555ebf]" started-at="2025-12-17T02:50:30 IST" name="tc_009_verifyErrorMessageText" data-provider="loginData" finished-at="2025-12-17T02:50:33 IST" duration-ms="2761" status="PASS">
          <params>
            <param index="0">
              <value>
                <![CDATA[Admin]]>
              </value>
            </param>
            <param index="1">
              <value>
                <![CDATA[admin123@]]>
              </value>
            </param>
            <param index="2">
              <value>
                <![CDATA[Invalid]]>
              </value>
            </param>
          </params>
          <reporter-output>
            <line>
              <![CDATA[tc_009_verifyErrorMessageText is onTestStart]]>
            </line>
          </reporter-output>
        </test-method> <!-- tc_009_verifyErrorMessageText -->
        <test-method is-config="true" signature="postcondition()[pri:0, instance:functionalTesting.LoginTest@22555ebf]" started-at="2025-12-17T02:50:33 IST" name="postcondition" finished-at="2025-12-17T02:50:33 IST" duration-ms="187" status="PASS">
          <reporter-output>
          </reporter-output>
        </test-method> <!-- postcondition -->
        <test-method is-config="true" signature="precondition()[pri:0, instance:functionalTesting.LoginTest@22555ebf]" started-at="2025-12-17T02:50:33 IST" name="precondition" finished-at="2025-12-17T02:50:37 IST" duration-ms="4270" status="PASS">
          <reporter-output>
          </reporter-output>
        </test-method> <!-- precondition -->
        <test-method signature="tc_010_verifyErrorForEmptyCredentials()[pri:9, instance:functionalTesting.LoginTest@22555ebf]" started-at="2025-12-17T02:50:37 IST" name="tc_010_verifyErrorForEmptyCredentials" finished-at="2025-12-17T02:50:38 IST" duration-ms="766" status="PASS">
          <reporter-output>
            <line>
              <![CDATA[tc_010_verifyErrorForEmptyCredentials is onTestStart]]>
            </line>
          </reporter-output>
        </test-method> <!-- tc_010_verifyErrorForEmptyCredentials -->
        <test-method is-config="true" signature="postcondition()[pri:0, instance:functionalTesting.LoginTest@22555ebf]" started-at="2025-12-17T02:50:38 IST" name="postcondition" finished-at="2025-12-17T02:50:38 IST" duration-ms="190" status="PASS">
          <reporter-output>
          </reporter-output>
        </test-method> <!-- postcondition -->
        <test-method is-config="true" signature="precondition()[pri:0, instance:functionalTesting.LoginTest@22555ebf]" started-at="2025-12-17T02:50:38 IST" name="precondition" finished-at="2025-12-17T02:50:43 IST" duration-ms="4275" status="PASS">
          <reporter-output>
          </reporter-output>
        </test-method> <!-- precondition -->
        <test-method signature="tc_011_verifySocialIconsDisplayed()[pri:10, instance:functionalTesting.LoginTest@22555ebf]" started-at="2025-12-17T02:50:43 IST" name="tc_011_verifySocialIconsDisplayed" finished-at="2025-12-17T02:50:43 IST" duration-ms="649" status="PASS">
          <reporter-output>
            <line>
              <![CDATA[tc_011_verifySocialIconsDisplayed is onTestStart]]>
            </line>
          </reporter-output>
        </test-method> <!-- tc_011_verifySocialIconsDisplayed -->
        <test-method is-config="true" signature="postcondition()[pri:0, instance:functionalTesting.LoginTest@22555ebf]" started-at="2025-12-17T02:50:43 IST" name="postcondition" finished-at="2025-12-17T02:50:43 IST" duration-ms="189" status="PASS">
          <reporter-output>
          </reporter-output>
        </test-method> <!-- postcondition -->
        <test-method is-config="true" signature="precondition()[pri:0, instance:functionalTesting.LoginTest@22555ebf]" started-at="2025-12-17T02:50:43 IST" name="precondition" finished-at="2025-12-17T02:50:48 IST" duration-ms="4491" status="PASS">
          <reporter-output>
          </reporter-output>
        </test-method> <!-- precondition -->
        <test-method signature="tc_012_verifyFooterText()[pri:11, instance:functionalTesting.LoginTest@22555ebf]" started-at="2025-12-17T02:50:48 IST" name="tc_012_verifyFooterText" finished-at="2025-12-17T02:50:49 IST" duration-ms="877" status="PASS">
          <reporter-output>
            <line>
              <![CDATA[tc_012_verifyFooterText is onTestStart]]>
            </line>
          </reporter-output>
        </test-method> <!-- tc_012_verifyFooterText -->
        <test-method is-config="true" signature="postcondition()[pri:0, instance:functionalTesting.LoginTest@22555ebf]" started-at="2025-12-17T02:50:49 IST" name="postcondition" finished-at="2025-12-17T02:50:49 IST" duration-ms="183" status="PASS">
          <reporter-output>
          </reporter-output>
        </test-method> <!-- postcondition -->
      </class> <!-- functionalTesting.LoginTest -->
    </test> <!-- Default test -->
  </suite> <!-- Default suite -->
</testng-results>
