<?xml version="1.0" encoding="UTF-8"?>
<testng-results ignored="0" total="17" passed="16" failed="1" skipped="0">
  <reporter-output>
  </reporter-output>
  <suite started-at="2025-12-17T19:24:58 IST" name="Default suite" finished-at="2025-12-17T19:28:10 IST" duration-ms="192008">
    <groups>
    </groups>
    <test started-at="2025-12-17T19:24:58 IST" name="Default test" finished-at="2025-12-17T19:28:10 IST" duration-ms="192008">
      <class name="functionalTesting.DashboardTest">
        <test-method is-config="true" signature="precondition()[pri:0, instance:functionalTesting.DashboardTest@36ebc363]" started-at="2025-12-17T19:24:58 IST" name="precondition" finished-at="2025-12-17T19:25:11 IST" duration-ms="13274" status="PASS">
          <reporter-output>
          </reporter-output>
        </test-method> <!-- precondition -->
        <test-method signature="tc_001_verifyDashboardUrl()[pri:0, instance:functionalTesting.DashboardTest@36ebc363]" started-at="2025-12-17T19:25:11 IST" name="tc_001_verifyDashboardUrl" finished-at="2025-12-17T19:25:11 IST" duration-ms="27" status="PASS">
          <reporter-output>
          </reporter-output>
        </test-method> <!-- tc_001_verifyDashboardUrl -->
        <test-method is-config="true" signature="postcondition()[pri:0, instance:functionalTesting.DashboardTest@36ebc363]" started-at="2025-12-17T19:25:11 IST" name="postcondition" finished-at="2025-12-17T19:25:11 IST" duration-ms="268" status="PASS">
          <reporter-output>
          </reporter-output>
        </test-method> <!-- postcondition -->
        <test-method is-config="true" signature="precondition()[pri:0, instance:functionalTesting.DashboardTest@36ebc363]" started-at="2025-12-17T19:25:12 IST" name="precondition" finished-at="2025-12-17T19:25:21 IST" duration-ms="9080" status="PASS">
          <reporter-output>
          </reporter-output>
        </test-method> <!-- precondition -->
        <test-method signature="tc_002_verifyDashboardHeader()[pri:1, instance:functionalTesting.DashboardTest@36ebc363]" started-at="2025-12-17T19:25:21 IST" name="tc_002_verifyDashboardHeader" finished-at="2025-12-17T19:25:21 IST" duration-ms="664" status="PASS">
          <reporter-output>
          </reporter-output>
        </test-method> <!-- tc_002_verifyDashboardHeader -->
        <test-method is-config="true" signature="postcondition()[pri:0, instance:functionalTesting.DashboardTest@36ebc363]" started-at="2025-12-17T19:25:21 IST" name="postcondition" finished-at="2025-12-17T19:25:22 IST" duration-ms="313" status="PASS">
          <reporter-output>
          </reporter-output>
        </test-method> <!-- postcondition -->
        <test-method is-config="true" signature="precondition()[pri:0, instance:functionalTesting.DashboardTest@36ebc363]" started-at="2025-12-17T19:25:22 IST" name="precondition" finished-at="2025-12-17T19:25:30 IST" duration-ms="8312" status="PASS">
          <reporter-output>
          </reporter-output>
        </test-method> <!-- precondition -->
        <test-method signature="tc_003_verifyMenuTabsDisplayed()[pri:2, instance:functionalTesting.DashboardTest@36ebc363]" started-at="2025-12-17T19:25:30 IST" name="tc_003_verifyMenuTabsDisplayed" finished-at="2025-12-17T19:25:31 IST" duration-ms="1257" status="PASS">
          <reporter-output>
          </reporter-output>
        </test-method> <!-- tc_003_verifyMenuTabsDisplayed -->
        <test-method is-config="true" signature="postcondition()[pri:0, instance:functionalTesting.DashboardTest@36ebc363]" started-at="2025-12-17T19:25:31 IST" name="postcondition" finished-at="2025-12-17T19:25:31 IST" duration-ms="260" status="PASS">
          <reporter-output>
          </reporter-output>
        </test-method> <!-- postcondition -->
        <test-method is-config="true" signature="precondition()[pri:0, instance:functionalTesting.DashboardTest@36ebc363]" started-at="2025-12-17T19:25:31 IST" name="precondition" finished-at="2025-12-17T19:25:40 IST" duration-ms="8434" status="PASS">
          <reporter-output>
          </reporter-output>
        </test-method> <!-- precondition -->
        <test-method signature="tc_004_verifyProfileDropdownOptions()[pri:3, instance:functionalTesting.DashboardTest@36ebc363]" started-at="2025-12-17T19:25:40 IST" name="tc_004_verifyProfileDropdownOptions" finished-at="2025-12-17T19:25:41 IST" duration-ms="890" status="PASS">
          <reporter-output>
          </reporter-output>
        </test-method> <!-- tc_004_verifyProfileDropdownOptions -->
        <test-method is-config="true" signature="postcondition()[pri:0, instance:functionalTesting.DashboardTest@36ebc363]" started-at="2025-12-17T19:25:41 IST" name="postcondition" finished-at="2025-12-17T19:25:41 IST" duration-ms="241" status="PASS">
          <reporter-output>
          </reporter-output>
        </test-method> <!-- postcondition -->
        <test-method is-config="true" signature="precondition()[pri:0, instance:functionalTesting.DashboardTest@36ebc363]" started-at="2025-12-17T19:25:41 IST" name="precondition" finished-at="2025-12-17T19:25:50 IST" duration-ms="8765" status="PASS">
          <reporter-output>
          </reporter-output>
        </test-method> <!-- precondition -->
        <test-method signature="tc_005_verifyLogoutFunctionality()[pri:4, instance:functionalTesting.DashboardTest@36ebc363]" started-at="2025-12-17T19:25:50 IST" name="tc_005_verifyLogoutFunctionality" finished-at="2025-12-17T19:25:54 IST" duration-ms="3963" status="PASS">
          <reporter-output>
          </reporter-output>
        </test-method> <!-- tc_005_verifyLogoutFunctionality -->
        <test-method is-config="true" signature="postcondition()[pri:0, instance:functionalTesting.DashboardTest@36ebc363]" started-at="2025-12-17T19:25:54 IST" name="postcondition" finished-at="2025-12-17T19:25:54 IST" duration-ms="280" status="PASS">
          <reporter-output>
          </reporter-output>
        </test-method> <!-- postcondition -->
        <test-method is-config="true" signature="precondition()[pri:0, instance:functionalTesting.DashboardTest@36ebc363]" started-at="2025-12-17T19:25:54 IST" name="precondition" finished-at="2025-12-17T19:26:04 IST" duration-ms="9525" status="PASS">
          <reporter-output>
          </reporter-output>
        </test-method> <!-- precondition -->
        <test-method signature="tc_006_verifyDashboardWidgets()[pri:5, instance:functionalTesting.DashboardTest@36ebc363]" started-at="2025-12-17T19:26:04 IST" name="tc_006_verifyDashboardWidgets" finished-at="2025-12-17T19:26:04 IST" duration-ms="956" status="PASS">
          <reporter-output>
          </reporter-output>
        </test-method> <!-- tc_006_verifyDashboardWidgets -->
        <test-method is-config="true" signature="postcondition()[pri:0, instance:functionalTesting.DashboardTest@36ebc363]" started-at="2025-12-17T19:26:04 IST" name="postcondition" finished-at="2025-12-17T19:26:05 IST" duration-ms="212" status="PASS">
          <reporter-output>
          </reporter-output>
        </test-method> <!-- postcondition -->
        <test-method is-config="true" signature="precondition()[pri:0, instance:functionalTesting.DashboardTest@36ebc363]" started-at="2025-12-17T19:26:05 IST" name="precondition" finished-at="2025-12-17T19:26:14 IST" duration-ms="8857" status="PASS">
          <reporter-output>
          </reporter-output>
        </test-method> <!-- precondition -->
        <test-method signature="tc_007_verifySearchTabEnabled()[pri:6, instance:functionalTesting.DashboardTest@36ebc363]" started-at="2025-12-17T19:26:14 IST" name="tc_007_verifySearchTabEnabled" finished-at="2025-12-17T19:26:14 IST" duration-ms="613" status="PASS">
          <reporter-output>
          </reporter-output>
        </test-method> <!-- tc_007_verifySearchTabEnabled -->
        <test-method is-config="true" signature="postcondition()[pri:0, instance:functionalTesting.DashboardTest@36ebc363]" started-at="2025-12-17T19:26:14 IST" name="postcondition" finished-at="2025-12-17T19:26:14 IST" duration-ms="222" status="PASS">
          <reporter-output>
          </reporter-output>
        </test-method> <!-- postcondition -->
        <test-method is-config="true" signature="precondition()[pri:0, instance:functionalTesting.DashboardTest@36ebc363]" started-at="2025-12-17T19:26:14 IST" name="precondition" finished-at="2025-12-17T19:26:23 IST" duration-ms="8466" status="PASS">
          <reporter-output>
          </reporter-output>
        </test-method> <!-- precondition -->
        <test-method signature="tc_008_verifySidebarToggle()[pri:7, instance:functionalTesting.DashboardTest@36ebc363]" started-at="2025-12-17T19:26:23 IST" name="tc_008_verifySidebarToggle" finished-at="2025-12-17T19:26:24 IST" duration-ms="688" status="PASS">
          <reporter-output>
          </reporter-output>
        </test-method> <!-- tc_008_verifySidebarToggle -->
        <test-method is-config="true" signature="postcondition()[pri:0, instance:functionalTesting.DashboardTest@36ebc363]" started-at="2025-12-17T19:26:24 IST" name="postcondition" finished-at="2025-12-17T19:26:24 IST" duration-ms="244" status="PASS">
          <reporter-output>
          </reporter-output>
        </test-method> <!-- postcondition -->
        <test-method is-config="true" signature="precondition()[pri:0, instance:functionalTesting.DashboardTest@36ebc363]" started-at="2025-12-17T19:26:24 IST" name="precondition" finished-at="2025-12-17T19:26:33 IST" duration-ms="9323" status="PASS">
          <reporter-output>
          </reporter-output>
        </test-method> <!-- precondition -->
        <test-method signature="tc_009_verifyQuickLaunchOptions()[pri:8, instance:functionalTesting.DashboardTest@36ebc363]" started-at="2025-12-17T19:26:33 IST" name="tc_009_verifyQuickLaunchOptions" finished-at="2025-12-17T19:26:34 IST" duration-ms="1337" status="PASS">
          <reporter-output>
          </reporter-output>
        </test-method> <!-- tc_009_verifyQuickLaunchOptions -->
        <test-method is-config="true" signature="postcondition()[pri:0, instance:functionalTesting.DashboardTest@36ebc363]" started-at="2025-12-17T19:26:34 IST" name="postcondition" finished-at="2025-12-17T19:26:35 IST" duration-ms="281" status="PASS">
          <reporter-output>
          </reporter-output>
        </test-method> <!-- postcondition -->
        <test-method is-config="true" signature="precondition()[pri:0, instance:functionalTesting.DashboardTest@36ebc363]" started-at="2025-12-17T19:26:35 IST" name="precondition" finished-at="2025-12-17T19:26:44 IST" duration-ms="8929" status="PASS">
          <reporter-output>
          </reporter-output>
        </test-method> <!-- precondition -->
        <test-method signature="tc_010_verifyHelpIconDisplayed()[pri:9, instance:functionalTesting.DashboardTest@36ebc363]" started-at="2025-12-17T19:26:44 IST" name="tc_010_verifyHelpIconDisplayed" finished-at="2025-12-17T19:26:44 IST" duration-ms="647" status="PASS">
          <reporter-output>
          </reporter-output>
        </test-method> <!-- tc_010_verifyHelpIconDisplayed -->
        <test-method is-config="true" signature="postcondition()[pri:0, instance:functionalTesting.DashboardTest@36ebc363]" started-at="2025-12-17T19:26:44 IST" name="postcondition" finished-at="2025-12-17T19:26:45 IST" duration-ms="259" status="PASS">
          <reporter-output>
          </reporter-output>
        </test-method> <!-- postcondition -->
        <test-method is-config="true" signature="precondition()[pri:0, instance:functionalTesting.DashboardTest@36ebc363]" started-at="2025-12-17T19:26:45 IST" name="precondition" finished-at="2025-12-17T19:26:54 IST" duration-ms="9316" status="PASS">
          <reporter-output>
          </reporter-output>
        </test-method> <!-- precondition -->
        <test-method signature="tc_011_verifyDashboardFooter()[pri:10, instance:functionalTesting.DashboardTest@36ebc363]" started-at="2025-12-17T19:26:54 IST" name="tc_011_verifyDashboardFooter" finished-at="2025-12-17T19:26:55 IST" duration-ms="766" status="PASS">
          <reporter-output>
          </reporter-output>
        </test-method> <!-- tc_011_verifyDashboardFooter -->
        <test-method is-config="true" signature="postcondition()[pri:0, instance:functionalTesting.DashboardTest@36ebc363]" started-at="2025-12-17T19:26:55 IST" name="postcondition" finished-at="2025-12-17T19:26:55 IST" duration-ms="229" status="PASS">
          <reporter-output>
          </reporter-output>
        </test-method> <!-- postcondition -->
        <test-method is-config="true" signature="precondition()[pri:0, instance:functionalTesting.DashboardTest@36ebc363]" started-at="2025-12-17T19:26:55 IST" name="precondition" finished-at="2025-12-17T19:27:04 IST" duration-ms="8732" status="PASS">
          <reporter-output>
          </reporter-output>
        </test-method> <!-- precondition -->
        <test-method signature="tc_012_verifyMyActionsLinksDisplayed()[pri:11, instance:functionalTesting.DashboardTest@36ebc363]" started-at="2025-12-17T19:27:04 IST" name="tc_012_verifyMyActionsLinksDisplayed" finished-at="2025-12-17T19:27:14 IST" duration-ms="10020" status="FAIL">
          <exception class="org.openqa.selenium.NoSuchElementException">
            <message>
              <![CDATA[no such element: Unable to locate element: {"method":"xpath","selector":"//p[contains(text(),'Pending Self Review')]"}
  (Session info: chrome=143.0.7499.42)
For documentation on this error, please visit: https://www.selenium.dev/documentation/webdriver/troubleshooting/errors#no-such-element-exception
Build info: version: '4.18.1', revision: 'b1d3319b48'
System info: os.name: 'Windows 11', os.arch: 'amd64', os.version: '10.0', java.version: '21.0.9'
Driver info: org.openqa.selenium.chrome.ChromeDriver
Command: [815cb687c44a3ba69201366aa9ac3f7d, findElement {value=//p[contains(text(),'Pending Self Review')], using=xpath}]
Capabilities {acceptInsecureCerts: false, browserName: chrome, browserVersion: 143.0.7499.42, chrome: {chromedriverVersion: 143.0.7499.146 (c1224fc40c9..., userDataDir: C:\Users\rosha\AppData\Loca...}, fedcm:accounts: true, goog:chromeOptions: {debuggerAddress: localhost:52286}, goog:processID: 24944, networkConnectionEnabled: false, pageLoadStrategy: normal, platformName: windows, proxy: Proxy(), se:cdp: ws://localhost:52286/devtoo..., se:cdpVersion: 143.0.7499.42, setWindowRect: true, strictFileInteractability: false, timeouts: {implicit: 0, pageLoad: 300000, script: 30000}, unhandledPromptBehavior: dismiss and notify, webauthn:extension:credBlob: true, webauthn:extension:largeBlob: true, webauthn:extension:minPinLength: true, webauthn:extension:prf: true, webauthn:virtualAuthenticators: true}
Session ID: 815cb687c44a3ba69201366aa9ac3f7d]]>
            </message>
            <full-stacktrace>
              <![CDATA[org.openqa.selenium.NoSuchElementException: no such element: Unable to locate element: {"method":"xpath","selector":"//p[contains(text(),'Pending Self Review')]"}
  (Session info: chrome=143.0.7499.42)
For documentation on this error, please visit: https://www.selenium.dev/documentation/webdriver/troubleshooting/errors#no-such-element-exception
Build info: version: '4.18.1', revision: 'b1d3319b48'
System info: os.name: 'Windows 11', os.arch: 'amd64', os.version: '10.0', java.version: '21.0.9'
Driver info: org.openqa.selenium.chrome.ChromeDriver
Command: [815cb687c44a3ba69201366aa9ac3f7d, findElement {value=//p[contains(text(),'Pending Self Review')], using=xpath}]
Capabilities {acceptInsecureCerts: false, browserName: chrome, browserVersion: 143.0.7499.42, chrome: {chromedriverVersion: 143.0.7499.146 (c1224fc40c9..., userDataDir: C:\Users\rosha\AppData\Loca...}, fedcm:accounts: true, goog:chromeOptions: {debuggerAddress: localhost:52286}, goog:processID: 24944, networkConnectionEnabled: false, pageLoadStrategy: normal, platformName: windows, proxy: Proxy(), se:cdp: ws://localhost:52286/devtoo..., se:cdpVersion: 143.0.7499.42, setWindowRect: true, strictFileInteractability: false, timeouts: {implicit: 0, pageLoad: 300000, script: 30000}, unhandledPromptBehavior: dismiss and notify, webauthn:extension:credBlob: true, webauthn:extension:largeBlob: true, webauthn:extension:minPinLength: true, webauthn:extension:prf: true, webauthn:virtualAuthenticators: true}
Session ID: 815cb687c44a3ba69201366aa9ac3f7d
at java.base/jdk.internal.reflect.DirectConstructorHandleAccessor.newInstance(DirectConstructorHandleAccessor.java:62)
at java.base/java.lang.reflect.Constructor.newInstanceWithCaller(Constructor.java:502)
at java.base/java.lang.reflect.Constructor.newInstance(Constructor.java:486)
at org.openqa.selenium.remote.ErrorCodec.decode(ErrorCodec.java:167)
at org.openqa.selenium.remote.codec.w3c.W3CHttpResponseCodec.decode(W3CHttpResponseCodec.java:138)
at org.openqa.selenium.remote.codec.w3c.W3CHttpResponseCodec.decode(W3CHttpResponseCodec.java:50)
at org.openqa.selenium.remote.HttpCommandExecutor.execute(HttpCommandExecutor.java:190)
at org.openqa.selenium.remote.service.DriverCommandExecutor.invokeExecute(DriverCommandExecutor.java:216)
at org.openqa.selenium.remote.service.DriverCommandExecutor.execute(DriverCommandExecutor.java:174)
at org.openqa.selenium.remote.RemoteWebDriver.execute(RemoteWebDriver.java:519)
at org.openqa.selenium.remote.ElementLocation$ElementFinder$2.findElement(ElementLocation.java:165)
at org.openqa.selenium.remote.ElementLocation.findElement(ElementLocation.java:59)
at org.openqa.selenium.remote.RemoteWebDriver.findElement(RemoteWebDriver.java:356)
at org.openqa.selenium.remote.RemoteWebDriver.findElement(RemoteWebDriver.java:350)
at org.openqa.selenium.support.pagefactory.DefaultElementLocator.findElement(DefaultElementLocator.java:68)
at org.openqa.selenium.support.pagefactory.internal.LocatingElementHandler.invoke(LocatingElementHandler.java:38)
at jdk.proxy2/jdk.proxy2.$Proxy12.isDisplayed(Unknown Source)
at functionalTesting.DashboardTest.tc_012_verifyMyActionsLinksDisplayed(DashboardTest.java:105)
at java.base/jdk.internal.reflect.DirectMethodHandleAccessor.invoke(DirectMethodHandleAccessor.java:103)
at java.base/java.lang.reflect.Method.invoke(Method.java:580)
at org.testng.internal.invokers.MethodInvocationHelper.invokeMethod(MethodInvocationHelper.java:141)
at org.testng.internal.invokers.TestInvoker.invokeMethod(TestInvoker.java:687)
at org.testng.internal.invokers.TestInvoker.invokeTestMethod(TestInvoker.java:230)
at org.testng.internal.invokers.MethodRunner.runInSequence(MethodRunner.java:63)
at org.testng.internal.invokers.TestInvoker$MethodInvocationAgent.invoke(TestInvoker.java:995)
at org.testng.internal.invokers.TestInvoker.invokeTestMethods(TestInvoker.java:203)
at org.testng.internal.invokers.TestMethodWorker.invokeTestMethods(TestMethodWorker.java:154)
at org.testng.internal.invokers.TestMethodWorker.run(TestMethodWorker.java:134)
at java.base/java.util.ArrayList.forEach(ArrayList.java:1596)
at org.testng.TestRunner.privateRun(TestRunner.java:741)
at org.testng.TestRunner.run(TestRunner.java:616)
at org.testng.SuiteRunner.runTest(SuiteRunner.java:421)
at org.testng.SuiteRunner.runSequentially(SuiteRunner.java:413)
at org.testng.SuiteRunner.privateRun(SuiteRunner.java:373)
at org.testng.SuiteRunner.run(SuiteRunner.java:312)
at org.testng.SuiteRunnerWorker.runSuite(SuiteRunnerWorker.java:52)
at org.testng.SuiteRunnerWorker.run(SuiteRunnerWorker.java:95)
at org.testng.TestNG.runSuitesSequentially(TestNG.java:1274)
at org.testng.TestNG.runSuitesLocally(TestNG.java:1208)
at org.testng.TestNG.runSuites(TestNG.java:1112)
at org.testng.TestNG.run(TestNG.java:1079)
at org.testng.remote.AbstractRemoteTestNG.run(AbstractRemoteTestNG.java:115)
at org.testng.remote.RemoteTestNG.initAndRun(RemoteTestNG.java:293)
at org.testng.remote.RemoteTestNG.main(RemoteTestNG.java:91)
]]>
            </full-stacktrace>
          </exception> <!-- org.openqa.selenium.NoSuchElementException -->
          <reporter-output>
          </reporter-output>
        </test-method> <!-- tc_012_verifyMyActionsLinksDisplayed -->
        <test-method is-config="true" signature="postcondition()[pri:0, instance:functionalTesting.DashboardTest@36ebc363]" started-at="2025-12-17T19:27:14 IST" name="postcondition" finished-at="2025-12-17T19:27:14 IST" duration-ms="492" status="PASS">
          <reporter-output>
          </reporter-output>
        </test-method> <!-- postcondition -->
        <test-method is-config="true" signature="precondition()[pri:0, instance:functionalTesting.DashboardTest@36ebc363]" started-at="2025-12-17T19:27:14 IST" name="precondition" finished-at="2025-12-17T19:27:24 IST" duration-ms="9388" status="PASS">
          <reporter-output>
          </reporter-output>
        </test-method> <!-- precondition -->
        <test-method signature="tc_013_verifyQuickLaunchCardsEnabled()[pri:12, instance:functionalTesting.DashboardTest@36ebc363]" started-at="2025-12-17T19:27:24 IST" name="tc_013_verifyQuickLaunchCardsEnabled" finished-at="2025-12-17T19:27:26 IST" duration-ms="2679" status="PASS">
          <reporter-output>
          </reporter-output>
        </test-method> <!-- tc_013_verifyQuickLaunchCardsEnabled -->
        <test-method is-config="true" signature="postcondition()[pri:0, instance:functionalTesting.DashboardTest@36ebc363]" started-at="2025-12-17T19:27:26 IST" name="postcondition" finished-at="2025-12-17T19:27:26 IST" duration-ms="277" status="PASS">
          <reporter-output>
          </reporter-output>
        </test-method> <!-- postcondition -->
        <test-method is-config="true" signature="precondition()[pri:0, instance:functionalTesting.DashboardTest@36ebc363]" started-at="2025-12-17T19:27:26 IST" name="precondition" finished-at="2025-12-17T19:27:35 IST" duration-ms="8677" status="PASS">
          <reporter-output>
          </reporter-output>
        </test-method> <!-- precondition -->
        <test-method signature="tc_014_verifyTimeClockIconEnabled()[pri:13, instance:functionalTesting.DashboardTest@36ebc363]" started-at="2025-12-17T19:27:35 IST" name="tc_014_verifyTimeClockIconEnabled" finished-at="2025-12-17T19:27:36 IST" duration-ms="1290" status="PASS">
          <reporter-output>
          </reporter-output>
        </test-method> <!-- tc_014_verifyTimeClockIconEnabled -->
        <test-method is-config="true" signature="postcondition()[pri:0, instance:functionalTesting.DashboardTest@36ebc363]" started-at="2025-12-17T19:27:36 IST" name="postcondition" finished-at="2025-12-17T19:27:37 IST" duration-ms="289" status="PASS">
          <reporter-output>
          </reporter-output>
        </test-method> <!-- postcondition -->
        <test-method is-config="true" signature="precondition()[pri:0, instance:functionalTesting.DashboardTest@36ebc363]" started-at="2025-12-17T19:27:37 IST" name="precondition" finished-at="2025-12-17T19:27:46 IST" duration-ms="9114" status="PASS">
          <reporter-output>
          </reporter-output>
        </test-method> <!-- precondition -->
        <test-method signature="tc_015_verifyEmployeeSubUnitsDisplayed()[pri:14, instance:functionalTesting.DashboardTest@36ebc363]" started-at="2025-12-17T19:27:46 IST" name="tc_015_verifyEmployeeSubUnitsDisplayed" finished-at="2025-12-17T19:27:48 IST" duration-ms="1817" status="PASS">
          <reporter-output>
          </reporter-output>
        </test-method> <!-- tc_015_verifyEmployeeSubUnitsDisplayed -->
        <test-method is-config="true" signature="postcondition()[pri:0, instance:functionalTesting.DashboardTest@36ebc363]" started-at="2025-12-17T19:27:48 IST" name="postcondition" finished-at="2025-12-17T19:27:48 IST" duration-ms="272" status="PASS">
          <reporter-output>
          </reporter-output>
        </test-method> <!-- postcondition -->
        <test-method is-config="true" signature="precondition()[pri:0, instance:functionalTesting.DashboardTest@36ebc363]" started-at="2025-12-17T19:27:48 IST" name="precondition" finished-at="2025-12-17T19:27:57 IST" duration-ms="9352" status="PASS">
          <reporter-output>
          </reporter-output>
        </test-method> <!-- precondition -->
        <test-method signature="tc_016_verifyEmployeeLocationsDisplayed()[pri:15, instance:functionalTesting.DashboardTest@36ebc363]" started-at="2025-12-17T19:27:57 IST" name="tc_016_verifyEmployeeLocationsDisplayed" finished-at="2025-12-17T19:28:00 IST" duration-ms="2387" status="PASS">
          <reporter-output>
          </reporter-output>
        </test-method> <!-- tc_016_verifyEmployeeLocationsDisplayed -->
        <test-method is-config="true" signature="postcondition()[pri:0, instance:functionalTesting.DashboardTest@36ebc363]" started-at="2025-12-17T19:28:00 IST" name="postcondition" finished-at="2025-12-17T19:28:00 IST" duration-ms="272" status="PASS">
          <reporter-output>
          </reporter-output>
        </test-method> <!-- postcondition -->
        <test-method is-config="true" signature="precondition()[pri:0, instance:functionalTesting.DashboardTest@36ebc363]" started-at="2025-12-17T19:28:00 IST" name="precondition" finished-at="2025-12-17T19:28:09 IST" duration-ms="9045" status="PASS">
          <reporter-output>
          </reporter-output>
        </test-method> <!-- precondition -->
        <test-method signature="tc_017_verifyUpgradeButtonDisplayed()[pri:16, instance:functionalTesting.DashboardTest@36ebc363]" started-at="2025-12-17T19:28:09 IST" name="tc_017_verifyUpgradeButtonDisplayed" finished-at="2025-12-17T19:28:10 IST" duration-ms="633" status="PASS">
          <reporter-output>
          </reporter-output>
        </test-method> <!-- tc_017_verifyUpgradeButtonDisplayed -->
        <test-method is-config="true" signature="postcondition()[pri:0, instance:functionalTesting.DashboardTest@36ebc363]" started-at="2025-12-17T19:28:10 IST" name="postcondition" finished-at="2025-12-17T19:28:10 IST" duration-ms="235" status="PASS">
          <reporter-output>
          </reporter-output>
        </test-method> <!-- postcondition -->
      </class> <!-- functionalTesting.DashboardTest -->
    </test> <!-- Default test -->
  </suite> <!-- Default suite -->
</testng-results>
