<?xml version="1.0" encoding="UTF-8"?>
<!-- Generated by org.testng.reporters.JUnitReportReporter -->
<testsuite hostname="Hp" failures="0" tests="2" name="execution2.Leave" time="0.022" errors="0" timestamp="2025-12-03T17:31:49 IST" skipped="0">
  <testcase classname="execution2.Leave" name="tc_007" time="0.020">
    <system-out>
      <![CDATA[I am Leave Tc_007]]>
    </system-out>
  </testcase> <!-- tc_007 -->
  <testcase classname="execution2.Leave" name="tc_008" time="0.002">
    <system-out>
      <![CDATA[I am Leave Tc_008]]>
    </system-out>
  </testcase> <!-- tc_008 -->
  <system-out>
    <![CDATA[I am Login Tc_001
I am homepage Tc_003
I am Leave Tc_007
I am Admin tc_005
I am Leave Tc_008
I am Admin tc_006
I am Login Tc_002
I am homepage Tc_004]]>
  </system-out>
</testsuite> <!-- execution2.Leave -->
