<?xml version="1.0" encoding="UTF-8"?>
<!-- Generated by org.testng.reporters.JUnitReportReporter -->
<testsuite hostname="Hp" failures="0" tests="2" name="execution2.Admin" time="7.492" errors="0" timestamp="2025-12-03T17:31:49 IST" skipped="0">
  <testcase classname="execution2.Admin" name="tc_005" time="4.422">
    <system-out>
      <![CDATA[I am Admin tc_005]]>
    </system-out>
  </testcase> <!-- tc_005 -->
  <testcase classname="execution2.Admin" name="tc_006" time="3.070">
    <system-out>
      <![CDATA[I am Admin tc_006]]>
    </system-out>
  </testcase> <!-- tc_006 -->
  <system-out>
    <![CDATA[I am Login Tc_001
I am homepage Tc_003
I am Leave Tc_007
I am Admin tc_005
I am Leave Tc_008
I am Admin tc_006
I am Login Tc_002
I am homepage Tc_004]]>
  </system-out>
</testsuite> <!-- execution2.Admin -->
