<?xml version="1.0" encoding="UTF-8"?>
<!-- Generated by org.testng.reporters.JUnitReportReporter -->
<testsuite hostname="Hp" failures="0" tests="5" name="dataProvider.DataProviderWithExcel" time="49.836" errors="0" timestamp="2025-12-05T17:06:00 IST" skipped="0">
  <testcase classname="dataProvider.DataProviderWithExcel" name="reciever" time="18.325"/>
  <testcase classname="dataProvider.DataProviderWithExcel" name="reciever" time="7.642"/>
  <testcase classname="dataProvider.DataProviderWithExcel" name="reciever" time="8.088"/>
  <testcase classname="dataProvider.DataProviderWithExcel" name="reciever" time="7.412"/>
  <testcase classname="dataProvider.DataProviderWithExcel" name="reciever" time="8.369"/>
</testsuite> <!-- dataProvider.DataProviderWithExcel -->
