<?xml version="1.0" encoding="UTF-8"?>
<!-- Generated by org.testng.reporters.JUnitReportReporter -->
<testsuite hostname="Hp" failures="0" tests="3" name="basic.ConfigurationAnnotation" time="0.034" errors="0" timestamp="2025-11-20T16:54:42 IST" skipped="0">
  <testcase classname="basic.ConfigurationAnnotation" name="main2" time="0.006"/>
  <testcase classname="basic.ConfigurationAnnotation" name="main3" time="0.006"/>
  <testcase classname="basic.ConfigurationAnnotation" name="main1" time="0.022"/>
</testsuite> <!-- basic.ConfigurationAnnotation -->
