<?xml version="1.0" encoding="UTF-8"?>
<!-- Generated by org.testng.reporters.JUnitReportReporter -->
<testsuite hostname="Hp" failures="0" tests="3" name="landingPage.DependenceMethods" time="21.523" errors="0" timestamp="2025-11-20T16:20:09 IST" skipped="0">
  <testcase classname="landingPage.DependenceMethods" name="deleteAccount" time="5.990"/>
  <testcase classname="landingPage.DependenceMethods" name="createAccount" time="8.440"/>
  <testcase classname="landingPage.DependenceMethods" name="updateAccount" time="7.093"/>
</testsuite> <!-- landingPage.DependenceMethods -->
