<?xml version="1.0" encoding="UTF-8"?>
<!-- Generated by org.testng.reporters.JUnitReportReporter -->
<testsuite hostname="Hp" failures="0" tests="3" name="landingPage.Login" time="19.903" errors="0" timestamp="2025-11-19T18:40:31 IST" skipped="0">
  <testcase classname="landingPage.Login" name="tc_001" time="6.717"/>
  <testcase classname="landingPage.Login" name="tc_002" time="6.075"/>
  <testcase classname="landingPage.Login" name="tc_003" time="7.111"/>
</testsuite> <!-- landingPage.Login -->
