<?xml version="1.0" encoding="UTF-8"?>
<!-- Generated by org.testng.reporters.JUnitReportReporter -->
<testsuite hostname="Hp" failures="0" tests="1" name="assertionMethods.JavaScriptVerificationCondition" time="8.132" errors="0" timestamp="2025-11-21T16:58:46 IST" skipped="0">
  <testcase classname="assertionMethods.JavaScriptVerificationCondition" name="main" time="8.132">
    <system-out>
      <![CDATA[I am in login
Login is Successful]]>
    </system-out>
  </testcase> <!-- main -->
  <system-out>
    <![CDATA[I am in login
Login is Successful]]>
  </system-out>
</testsuite> <!-- assertionMethods.JavaScriptVerificationCondition -->
