<?xml version="1.0" encoding="UTF-8"?>
<!-- Generated by org.testng.reporters.JUnitReportReporter -->
<testsuite hostname="Hp" failures="0" tests="2" name="execution1.HomePage" time="10.996" errors="0" timestamp="2025-12-03T17:31:49 IST" skipped="0">
  <testcase classname="execution1.HomePage" name="tc_003" time="6.676">
    <system-out>
      <![CDATA[I am homepage Tc_003]]>
    </system-out>
  </testcase> <!-- tc_003 -->
  <testcase classname="execution1.HomePage" name="tc_004" time="4.320">
    <system-out>
      <![CDATA[I am homepage Tc_004]]>
    </system-out>
  </testcase> <!-- tc_004 -->
  <system-out>
    <![CDATA[I am Login Tc_001
I am homepage Tc_003
I am Leave Tc_007
I am Admin tc_005
I am Leave Tc_008
I am Admin tc_006
I am Login Tc_002
I am homepage Tc_004]]>
  </system-out>
</testsuite> <!-- execution1.HomePage -->
