<?xml version="1.0" encoding="UTF-8"?>
<!-- Generated by org.testng.reporters.JUnitReportReporter -->
<testsuite hostname="Hp" failures="0" tests="5" name="dataProvider.DataProvideAnnotation" time="38.273" errors="0" timestamp="2025-12-05T16:46:58 IST" skipped="0">
  <testcase classname="dataProvider.DataProvideAnnotation" name="reciever" time="7.342"/>
  <testcase classname="dataProvider.DataProvideAnnotation" name="reciever" time="7.082"/>
  <testcase classname="dataProvider.DataProvideAnnotation" name="reciever" time="7.623"/>
  <testcase classname="dataProvider.DataProvideAnnotation" name="reciever" time="8.564"/>
  <testcase classname="dataProvider.DataProvideAnnotation" name="reciever" time="7.662"/>
</testsuite> <!-- dataProvider.DataProvideAnnotation -->
