<?xml version="1.0" encoding="UTF-8"?>
<!-- Generated by org.testng.reporters.JUnitReportReporter -->
<testsuite hostname="Hp" failures="0" tests="3" name="basic.DependenceMethods" time="60.316" errors="0" timestamp="2025-11-20T18:36:41 IST" skipped="0">
  <testcase classname="basic.DependenceMethods" name="deleteAccount" time="5.962"/>
  <testcase classname="basic.DependenceMethods" name="createAccount" time="46.169"/>
  <testcase classname="basic.DependenceMethods" name="updateAccount" time="8.185"/>
</testsuite> <!-- basic.DependenceMethods -->
