<?xml version="1.0" encoding="UTF-8"?>
<!-- Generated by org.testng.reporters.JUnitReportReporter -->
<testsuite hostname="Hp" failures="0" tests="3" name="dataProvider.TwoColoms" time="27.570" errors="0" timestamp="2025-12-10T16:42:27 IST" skipped="0">
  <testcase classname="dataProvider.TwoColoms" name="reciever" time="10.802"/>
  <testcase classname="dataProvider.TwoColoms" name="reciever" time="8.659"/>
  <testcase classname="dataProvider.TwoColoms" name="reciever" time="8.109"/>
</testsuite> <!-- dataProvider.TwoColoms -->
