<?xml version="1.0" encoding="UTF-8"?>
<!-- Generated by org.testng.reporters.JUnitXMLReporter -->
<testsuite ignored="0" hostname="Hp" failures="0" tests="26" name="Default test" time="196.745" errors="0" timestamp="2025-12-17T12:06:38 IST">
  <testcase classname="functionalTesting.LoginTest" name="tc_001_verifyLoginPage" time="0.936"/>
  <testcase classname="functionalTesting.LoginTest" name="tc_002_verifyUsernamePlaceholder" time="1.099"/>
  <testcase classname="functionalTesting.LoginTest" name="tc_003_verifyPasswordPlaceholder" time="0.593"/>
  <testcase classname="functionalTesting.LoginTest" name="tc_004_verifyUsernamePlaceholder" time="0.642"/>
  <testcase classname="functionalTesting.LoginTest" name="tc_005_verifyPasswordPlaceholder" time="0.949"/>
  <testcase classname="functionalTesting.LoginTest" name="tc_006_verifyLoginButtonEnabled" time="0.613"/>
  <testcase classname="functionalTesting.LoginTest" name="tc_007_verifyForgotPasswordLink" time="0.906"/>
  <testcase classname="functionalTesting.LoginTest" name="tc_008_validateLoginBehavior" time="2.683"/>
  <testcase classname="functionalTesting.LoginTest" name="tc_008_validateLoginBehavior" time="6.501"/>
  <testcase classname="functionalTesting.LoginTest" name="tc_008_validateLoginBehavior" time="2.696"/>
  <testcase classname="functionalTesting.LoginTest" name="tc_008_validateLoginBehavior" time="3.343"/>
  <testcase classname="functionalTesting.LoginTest" name="tc_008_validateLoginBehavior" time="2.237"/>
  <testcase classname="functionalTesting.LoginTest" name="tc_008_validateLoginBehavior" time="2.66"/>
  <testcase classname="functionalTesting.LoginTest" name="tc_008_validateLoginBehavior" time="6.909"/>
  <testcase classname="functionalTesting.LoginTest" name="tc_008_validateLoginBehavior" time="4.915"/>
  <testcase classname="functionalTesting.LoginTest" name="tc_009_verifyErrorMessageText" time="0.003">
    <skipped/>
  </testcase> <!-- tc_009_verifyErrorMessageText -->
  <testcase classname="functionalTesting.LoginTest" name="tc_009_verifyErrorMessageText" time="2.769"/>
  <testcase classname="functionalTesting.LoginTest" name="tc_009_verifyErrorMessageText" time="2.832"/>
  <testcase classname="functionalTesting.LoginTest" name="tc_009_verifyErrorMessageText" time="0.001">
    <skipped/>
  </testcase> <!-- tc_009_verifyErrorMessageText -->
  <testcase classname="functionalTesting.LoginTest" name="tc_009_verifyErrorMessageText" time="0.001">
    <skipped/>
  </testcase> <!-- tc_009_verifyErrorMessageText -->
  <testcase classname="functionalTesting.LoginTest" name="tc_009_verifyErrorMessageText" time="2.82"/>
  <testcase classname="functionalTesting.LoginTest" name="tc_009_verifyErrorMessageText" time="3.485"/>
  <testcase classname="functionalTesting.LoginTest" name="tc_009_verifyErrorMessageText" time="2.532"/>
  <testcase classname="functionalTesting.LoginTest" name="tc_010_verifyErrorForEmptyCredentials" time="0.988"/>
  <testcase classname="functionalTesting.LoginTest" name="tc_011_verifySocialIconsDisplayed" time="0.713"/>
  <testcase classname="functionalTesting.LoginTest" name="tc_012_verifyFooterText" time="0.864"/>
</testsuite> <!-- Default test -->
