<?xml version="1.0" encoding="UTF-8"?>
<!-- Generated by org.testng.reporters.JUnitXMLReporter -->
<testsuite ignored="0" hostname="Hp" failures="0" tests="26" name="Default test" time="175.088" errors="0" timestamp="2025-12-17T02:50:49 IST">
  <testcase classname="functionalTesting.LoginTest" name="tc_001_verifyLoginPage" time="0.592"/>
  <testcase classname="functionalTesting.LoginTest" name="tc_002_verifyUsernamePlaceholder" time="0.559"/>
  <testcase classname="functionalTesting.LoginTest" name="tc_003_verifyPasswordPlaceholder" time="0.677"/>
  <testcase classname="functionalTesting.LoginTest" name="tc_004_verifyUsernamePlaceholder" time="2.861"/>
  <testcase classname="functionalTesting.LoginTest" name="tc_005_verifyPasswordPlaceholder" time="0.756"/>
  <testcase classname="functionalTesting.LoginTest" name="tc_006_verifyLoginButtonEnabled" time="0.547"/>
  <testcase classname="functionalTesting.LoginTest" name="tc_007_verifyForgotPasswordLink" time="1.128"/>
  <testcase classname="functionalTesting.LoginTest" name="tc_008_validateLoginBehavior" time="2.648"/>
  <testcase classname="functionalTesting.LoginTest" name="tc_008_validateLoginBehavior" time="2.939"/>
  <testcase classname="functionalTesting.LoginTest" name="tc_008_validateLoginBehavior" time="2.347"/>
  <testcase classname="functionalTesting.LoginTest" name="tc_008_validateLoginBehavior" time="2.782"/>
  <testcase classname="functionalTesting.LoginTest" name="tc_008_validateLoginBehavior" time="2.097"/>
  <testcase classname="functionalTesting.LoginTest" name="tc_008_validateLoginBehavior" time="3.03"/>
  <testcase classname="functionalTesting.LoginTest" name="tc_008_validateLoginBehavior" time="2.812"/>
  <testcase classname="functionalTesting.LoginTest" name="tc_008_validateLoginBehavior" time="3.431"/>
  <testcase classname="functionalTesting.LoginTest" name="tc_009_verifyErrorMessageText" time="0.003">
    <skipped/>
  </testcase> <!-- tc_009_verifyErrorMessageText -->
  <testcase classname="functionalTesting.LoginTest" name="tc_009_verifyErrorMessageText" time="2.841"/>
  <testcase classname="functionalTesting.LoginTest" name="tc_009_verifyErrorMessageText" time="2.451"/>
  <testcase classname="functionalTesting.LoginTest" name="tc_009_verifyErrorMessageText" time="0.001">
    <skipped/>
  </testcase> <!-- tc_009_verifyErrorMessageText -->
  <testcase classname="functionalTesting.LoginTest" name="tc_009_verifyErrorMessageText" time="0.002">
    <skipped/>
  </testcase> <!-- tc_009_verifyErrorMessageText -->
  <testcase classname="functionalTesting.LoginTest" name="tc_009_verifyErrorMessageText" time="2.708"/>
  <testcase classname="functionalTesting.LoginTest" name="tc_009_verifyErrorMessageText" time="2.977"/>
  <testcase classname="functionalTesting.LoginTest" name="tc_009_verifyErrorMessageText" time="2.761"/>
  <testcase classname="functionalTesting.LoginTest" name="tc_010_verifyErrorForEmptyCredentials" time="0.766"/>
  <testcase classname="functionalTesting.LoginTest" name="tc_011_verifySocialIconsDisplayed" time="0.649"/>
  <testcase classname="functionalTesting.LoginTest" name="tc_012_verifyFooterText" time="0.877"/>
</testsuite> <!-- Default test -->
