<?xml version="1.0" encoding="UTF-8"?>
<!-- Generated by org.testng.reporters.JUnitReportReporter -->
<testsuite hostname="Hp" failures="0" tests="26" name="functionalTesting.LoginTest" time="173.596" errors="0" timestamp="2025-12-17T02:50:50 IST" skipped="3">
  <testcase classname="functionalTesting.LoginTest" name="tc_001_verifyLoginPage" time="5.483">
    <system-out>
      <![CDATA[tc_001_verifyLoginPage is onTestStart]]>
    </system-out>
  </testcase> <!-- tc_001_verifyLoginPage -->
  <testcase classname="functionalTesting.LoginTest" name="tc_002_verifyUsernamePlaceholder" time="5.338">
    <system-out>
      <![CDATA[tc_002_verifyUsernamePlaceholder is onTestStart]]>
    </system-out>
  </testcase> <!-- tc_002_verifyUsernamePlaceholder -->
  <testcase classname="functionalTesting.LoginTest" name="tc_003_verifyPasswordPlaceholder" time="6.380">
    <system-out>
      <![CDATA[tc_003_verifyPasswordPlaceholder is onTestStart]]>
    </system-out>
  </testcase> <!-- tc_003_verifyPasswordPlaceholder -->
  <testcase classname="functionalTesting.LoginTest" name="tc_004_verifyUsernamePlaceholder" time="7.343">
    <system-out>
      <![CDATA[tc_004_verifyUsernamePlaceholder is onTestStart]]>
    </system-out>
  </testcase> <!-- tc_004_verifyUsernamePlaceholder -->
  <testcase classname="functionalTesting.LoginTest" name="tc_005_verifyPasswordPlaceholder" time="5.286">
    <system-out>
      <![CDATA[tc_005_verifyPasswordPlaceholder is onTestStart]]>
    </system-out>
  </testcase> <!-- tc_005_verifyPasswordPlaceholder -->
  <testcase classname="functionalTesting.LoginTest" name="tc_006_verifyLoginButtonEnabled" time="5.019">
    <system-out>
      <![CDATA[tc_006_verifyLoginButtonEnabled is onTestStart]]>
    </system-out>
  </testcase> <!-- tc_006_verifyLoginButtonEnabled -->
  <testcase classname="functionalTesting.LoginTest" name="tc_007_verifyForgotPasswordLink" time="5.584">
    <system-out>
      <![CDATA[tc_007_verifyForgotPasswordLink is onTestStart]]>
    </system-out>
  </testcase> <!-- tc_007_verifyForgotPasswordLink -->
  <testcase classname="functionalTesting.LoginTest" name="tc_008_validateLoginBehavior" time="7.852">
    <system-out>
      <![CDATA[tc_008_validateLoginBehavior is onTestStart]]>
    </system-out>
  </testcase> <!-- tc_008_validateLoginBehavior -->
  <testcase classname="functionalTesting.LoginTest" name="tc_008_validateLoginBehavior" time="8.763">
    <system-out>
      <![CDATA[tc_008_validateLoginBehavior is onTestStart]]>
    </system-out>
  </testcase> <!-- tc_008_validateLoginBehavior -->
  <testcase classname="functionalTesting.LoginTest" name="tc_008_validateLoginBehavior" time="7.351">
    <system-out>
      <![CDATA[tc_008_validateLoginBehavior is onTestStart]]>
    </system-out>
  </testcase> <!-- tc_008_validateLoginBehavior -->
  <testcase classname="functionalTesting.LoginTest" name="tc_008_validateLoginBehavior" time="8.899">
    <system-out>
      <![CDATA[tc_008_validateLoginBehavior is onTestStart]]>
    </system-out>
  </testcase> <!-- tc_008_validateLoginBehavior -->
  <testcase classname="functionalTesting.LoginTest" name="tc_008_validateLoginBehavior" time="7.951">
    <system-out>
      <![CDATA[tc_008_validateLoginBehavior is onTestStart]]>
    </system-out>
  </testcase> <!-- tc_008_validateLoginBehavior -->
  <testcase classname="functionalTesting.LoginTest" name="tc_008_validateLoginBehavior" time="8.130">
    <system-out>
      <![CDATA[tc_008_validateLoginBehavior is onTestStart]]>
    </system-out>
  </testcase> <!-- tc_008_validateLoginBehavior -->
  <testcase classname="functionalTesting.LoginTest" name="tc_008_validateLoginBehavior" time="7.681">
    <system-out>
      <![CDATA[tc_008_validateLoginBehavior is onTestStart]]>
    </system-out>
  </testcase> <!-- tc_008_validateLoginBehavior -->
  <testcase classname="functionalTesting.LoginTest" name="tc_008_validateLoginBehavior" time="8.429">
    <system-out>
      <![CDATA[tc_008_validateLoginBehavior is onTestStart]]>
    </system-out>
  </testcase> <!-- tc_008_validateLoginBehavior -->
  <testcase classname="functionalTesting.LoginTest" name="tc_009_verifyErrorMessageText" time="7.600">
    <system-out>
      <![CDATA[tc_009_verifyErrorMessageText is onTestStart]]>
    </system-out>
  </testcase> <!-- tc_009_verifyErrorMessageText -->
  <testcase classname="functionalTesting.LoginTest" name="tc_009_verifyErrorMessageText" time="4.543">
    <skipped/>
    <system-out>
      <![CDATA[tc_009_verifyErrorMessageText is onTestStart]]>
    </system-out>
  </testcase> <!-- tc_009_verifyErrorMessageText -->
  <testcase classname="functionalTesting.LoginTest" name="tc_009_verifyErrorMessageText" time="7.427">
    <system-out>
      <![CDATA[tc_009_verifyErrorMessageText is onTestStart]]>
    </system-out>
  </testcase> <!-- tc_009_verifyErrorMessageText -->
  <testcase classname="functionalTesting.LoginTest" name="tc_009_verifyErrorMessageText" time="4.465">
    <skipped/>
    <system-out>
      <![CDATA[tc_009_verifyErrorMessageText is onTestStart]]>
    </system-out>
  </testcase> <!-- tc_009_verifyErrorMessageText -->
  <testcase classname="functionalTesting.LoginTest" name="tc_009_verifyErrorMessageText" time="7.670">
    <system-out>
      <![CDATA[tc_009_verifyErrorMessageText is onTestStart]]>
    </system-out>
  </testcase> <!-- tc_009_verifyErrorMessageText -->
  <testcase classname="functionalTesting.LoginTest" name="tc_009_verifyErrorMessageText" time="4.593">
    <skipped/>
    <system-out>
      <![CDATA[tc_009_verifyErrorMessageText is onTestStart]]>
    </system-out>
  </testcase> <!-- tc_009_verifyErrorMessageText -->
  <testcase classname="functionalTesting.LoginTest" name="tc_009_verifyErrorMessageText" time="7.749">
    <system-out>
      <![CDATA[tc_009_verifyErrorMessageText is onTestStart]]>
    </system-out>
  </testcase> <!-- tc_009_verifyErrorMessageText -->
  <testcase classname="functionalTesting.LoginTest" name="tc_009_verifyErrorMessageText" time="7.235">
    <system-out>
      <![CDATA[tc_009_verifyErrorMessageText is onTestStart]]>
    </system-out>
  </testcase> <!-- tc_009_verifyErrorMessageText -->
  <testcase classname="functionalTesting.LoginTest" name="tc_010_verifyErrorForEmptyCredentials" time="5.637">
    <system-out>
      <![CDATA[tc_010_verifyErrorForEmptyCredentials is onTestStart]]>
    </system-out>
  </testcase> <!-- tc_010_verifyErrorForEmptyCredentials -->
  <testcase classname="functionalTesting.LoginTest" name="tc_011_verifySocialIconsDisplayed" time="5.637">
    <system-out>
      <![CDATA[tc_011_verifySocialIconsDisplayed is onTestStart]]>
    </system-out>
  </testcase> <!-- tc_011_verifySocialIconsDisplayed -->
  <testcase classname="functionalTesting.LoginTest" name="tc_012_verifyFooterText" time="5.551">
    <system-out>
      <![CDATA[tc_012_verifyFooterText is onTestStart]]>
    </system-out>
  </testcase> <!-- tc_012_verifyFooterText -->
  <system-out>
    <![CDATA[onStart
tc_001_verifyLoginPage is onTestStart
tc_002_verifyUsernamePlaceholder is onTestStart
tc_003_verifyPasswordPlaceholder is onTestStart
tc_004_verifyUsernamePlaceholder is onTestStart
tc_005_verifyPasswordPlaceholder is onTestStart
tc_006_verifyLoginButtonEnabled is onTestStart
tc_007_verifyForgotPasswordLink is onTestStart
tc_008_validateLoginBehavior is onTestStart
tc_008_validateLoginBehavior is onTestStart
tc_008_validateLoginBehavior is onTestStart
tc_008_validateLoginBehavior is onTestStart
tc_008_validateLoginBehavior is onTestStart
tc_008_validateLoginBehavior is onTestStart
tc_008_validateLoginBehavior is onTestStart
tc_008_validateLoginBehavior is onTestStart
tc_009_verifyErrorMessageText is onTestStart
tc_009_verifyErrorMessageText is onTestStart
tc_009_verifyErrorMessageText is onTestStart
tc_009_verifyErrorMessageText is onTestStart
tc_009_verifyErrorMessageText is onTestStart
tc_009_verifyErrorMessageText is onTestStart
tc_009_verifyErrorMessageText is onTestStart
tc_009_verifyErrorMessageText is onTestStart
tc_010_verifyErrorForEmptyCredentials is onTestStart
tc_011_verifySocialIconsDisplayed is onTestStart
tc_012_verifyFooterText is onTestStart]]>
  </system-out>
</testsuite> <!-- functionalTesting.LoginTest -->
