<?xml version="1.0" encoding="UTF-8"?>
<!-- Generated by org.testng.reporters.JUnitReportReporter -->
<testsuite hostname="Hp" failures="0" tests="21" name="functionalTesting.AdminTest" time="311.240" errors="1" timestamp="2025-12-18T13:50:05 IST" skipped="0">
  <testcase classname="functionalTesting.AdminTest" name="tc_001_verifyAdminPageLoaded" time="10.325">
    <system-out>
      <![CDATA[tc_001_verifyAdminPageLoaded is onTestStart]]>
    </system-out>
  </testcase> <!-- tc_001_verifyAdminPageLoaded -->
  <testcase classname="functionalTesting.AdminTest" name="tc_002_verifyMainMenuNavigation" time="19.397">
    <system-out>
      <![CDATA[tc_002_verifyMainMenuNavigation is onTestStart]]>
    </system-out>
  </testcase> <!-- tc_002_verifyMainMenuNavigation -->
  <testcase classname="functionalTesting.AdminTest" name="tc_003_verifyAdminMenus" time="47.379">
    <error message="Expected condition failed: waiting for visibility of Proxy element for: DefaultElementLocator &#039;By.xpath: //span[text()=&#039;Nationalities&#039;]&#039; (tried for 10 second(s) with 500 milliseconds interval)" type="org.openqa.selenium.TimeoutException">
      <![CDATA[org.openqa.selenium.TimeoutException: Expected condition failed: waiting for visibility of Proxy element for: DefaultElementLocator 'By.xpath: //span[text()='Nationalities']' (tried for 10 second(s) with 500 milliseconds interval)
at org.openqa.selenium.support.ui.WebDriverWait.timeoutException(WebDriverWait.java:84)
at org.openqa.selenium.support.ui.FluentWait.until(FluentWait.java:228)
at com.crm.SeleniumUtility.WaitFactory.waitForVisibility(WaitFactory.java:16)
at functionalTesting.AdminTest.tc_003_verifyAdminMenus(AdminTest.java:43)
at java.base/jdk.internal.reflect.DirectMethodHandleAccessor.invoke(DirectMethodHandleAccessor.java:103)
at java.base/java.lang.reflect.Method.invoke(Method.java:580)
at org.testng.internal.invokers.MethodInvocationHelper.invokeMethod(MethodInvocationHelper.java:141)
at org.testng.internal.invokers.TestInvoker.invokeMethod(TestInvoker.java:687)
at org.testng.internal.invokers.TestInvoker.invokeTestMethod(TestInvoker.java:230)
at org.testng.internal.invokers.MethodRunner.runInSequence(MethodRunner.java:63)
at org.testng.internal.invokers.TestInvoker$MethodInvocationAgent.invoke(TestInvoker.java:995)
at org.testng.internal.invokers.TestInvoker.invokeTestMethods(TestInvoker.java:203)
at org.testng.internal.invokers.TestMethodWorker.invokeTestMethods(TestMethodWorker.java:154)
at org.testng.internal.invokers.TestMethodWorker.run(TestMethodWorker.java:134)
at java.base/java.util.ArrayList.forEach(ArrayList.java:1596)
at org.testng.TestRunner.privateRun(TestRunner.java:741)
at org.testng.TestRunner.run(TestRunner.java:616)
at org.testng.SuiteRunner.runTest(SuiteRunner.java:421)
at org.testng.SuiteRunner.runSequentially(SuiteRunner.java:413)
at org.testng.SuiteRunner.privateRun(SuiteRunner.java:373)
at org.testng.SuiteRunner.run(SuiteRunner.java:312)
at org.testng.SuiteRunnerWorker.runSuite(SuiteRunnerWorker.java:52)
at org.testng.SuiteRunnerWorker.run(SuiteRunnerWorker.java:95)
at org.testng.TestNG.runSuitesSequentially(TestNG.java:1274)
at org.testng.TestNG.runSuitesLocally(TestNG.java:1208)
at org.testng.TestNG.runSuites(TestNG.java:1112)
at org.testng.TestNG.run(TestNG.java:1079)
at org.testng.remote.AbstractRemoteTestNG.run(AbstractRemoteTestNG.java:115)
at org.testng.remote.RemoteTestNG.initAndRun(RemoteTestNG.java:293)
at org.testng.remote.RemoteTestNG.main(RemoteTestNG.java:91)
Caused by: org.openqa.selenium.NoSuchElementException: no such element: Unable to locate element: {"method":"xpath","selector":"//span[text()='Nationalities']"}
  (Session info: chrome=143.0.7499.42)
For documentation on this error, please visit: https://www.selenium.dev/documentation/webdriver/troubleshooting/errors#no-such-element-exception
Build info: version: '4.18.1', revision: 'b1d3319b48'
System info: os.name: 'Windows 11', os.arch: 'amd64', os.version: '10.0', java.version: '21.0.9'
Driver info: org.openqa.selenium.chrome.ChromeDriver
Command: [bbecd7a8412b789a48c99d81b0d89b21, findElement {using=xpath, value=//span[text()='Nationalities']}]
Capabilities {acceptInsecureCerts: false, browserName: chrome, browserVersion: 143.0.7499.42, chrome: {chromedriverVersion: 143.0.7499.146 (c1224fc40c9..., userDataDir: C:\Users\rosha\AppData\Loca...}, fedcm:accounts: true, goog:chromeOptions: {debuggerAddress: localhost:58899}, goog:processID: 23220, networkConnectionEnabled: false, pageLoadStrategy: normal, platformName: windows, proxy: Proxy(), se:cdp: ws://localhost:58899/devtoo..., se:cdpVersion: 143.0.7499.42, setWindowRect: true, strictFileInteractability: false, timeouts: {implicit: 0, pageLoad: 300000, script: 30000}, unhandledPromptBehavior: dismiss and notify, webauthn:extension:credBlob: true, webauthn:extension:largeBlob: true, webauthn:extension:minPinLength: true, webauthn:extension:prf: true, webauthn:virtualAuthenticators: true}
Session ID: bbecd7a8412b789a48c99d81b0d89b21
at java.base/jdk.internal.reflect.DirectConstructorHandleAccessor.newInstance(DirectConstructorHandleAccessor.java:62)
at java.base/java.lang.reflect.Constructor.newInstanceWithCaller(Constructor.java:502)
at java.base/java.lang.reflect.Constructor.newInstance(Constructor.java:486)
at org.openqa.selenium.remote.ErrorCodec.decode(ErrorCodec.java:167)
at org.openqa.selenium.remote.codec.w3c.W3CHttpResponseCodec.decode(W3CHttpResponseCodec.java:138)
at org.openqa.selenium.remote.codec.w3c.W3CHttpResponseCodec.decode(W3CHttpResponseCodec.java:50)
at org.openqa.selenium.remote.HttpCommandExecutor.execute(HttpCommandExecutor.java:190)
at org.openqa.selenium.remote.service.DriverCommandExecutor.invokeExecute(DriverCommandExecutor.java:216)
at org.openqa.selenium.remote.service.DriverCommandExecutor.execute(DriverCommandExecutor.java:174)
at org.openqa.selenium.remote.RemoteWebDriver.execute(RemoteWebDriver.java:519)
at org.openqa.selenium.remote.ElementLocation$ElementFinder$2.findElement(ElementLocation.java:165)
at org.openqa.selenium.remote.ElementLocation.findElement(ElementLocation.java:59)
at org.openqa.selenium.remote.RemoteWebDriver.findElement(RemoteWebDriver.java:356)
at org.openqa.selenium.remote.RemoteWebDriver.findElement(RemoteWebDriver.java:350)
at org.openqa.selenium.support.pagefactory.DefaultElementLocator.findElement(DefaultElementLocator.java:68)
at org.openqa.selenium.support.pagefactory.internal.LocatingElementHandler.invoke(LocatingElementHandler.java:38)
at jdk.proxy2/jdk.proxy2.$Proxy16.isDisplayed(Unknown Source)
at org.openqa.selenium.support.ui.ExpectedConditions.elementIfVisible(ExpectedConditions.java:304)
at org.openqa.selenium.support.ui.ExpectedConditions$10.apply(ExpectedConditions.java:290)
at org.openqa.selenium.support.ui.ExpectedConditions$10.apply(ExpectedConditions.java:287)
at org.openqa.selenium.support.ui.FluentWait.until(FluentWait.java:203)
... 28 more
]]>
    </error>
    <system-out>
      <![CDATA[tc_003_verifyAdminMenus is onTestStart]]>
    </system-out>
  </testcase> <!-- tc_003_verifyAdminMenus -->
  <testcase classname="functionalTesting.AdminTest" name="tc_004_searchUserByUsername" time="11.040">
    <system-out>
      <![CDATA[tc_004_searchUserByUsername is onTestStart]]>
    </system-out>
  </testcase> <!-- tc_004_searchUserByUsername -->
  <testcase classname="functionalTesting.AdminTest" name="tc_004_searchUserByUsername" time="13.109">
    <system-out>
      <![CDATA[tc_004_searchUserByUsername is onTestStart]]>
    </system-out>
  </testcase> <!-- tc_004_searchUserByUsername -->
  <testcase classname="functionalTesting.AdminTest" name="tc_004_searchUserByUsername" time="12.926">
    <system-out>
      <![CDATA[tc_004_searchUserByUsername is onTestStart]]>
    </system-out>
  </testcase> <!-- tc_004_searchUserByUsername -->
  <testcase classname="functionalTesting.AdminTest" name="tc_004_searchUserByUsername" time="11.870">
    <system-out>
      <![CDATA[tc_004_searchUserByUsername is onTestStart]]>
    </system-out>
  </testcase> <!-- tc_004_searchUserByUsername -->
  <testcase classname="functionalTesting.AdminTest" name="tc_004_searchUserByUsername" time="14.246">
    <system-out>
      <![CDATA[tc_004_searchUserByUsername is onTestStart]]>
    </system-out>
  </testcase> <!-- tc_004_searchUserByUsername -->
  <testcase classname="functionalTesting.AdminTest" name="tc_005_searchUserByUserRole" time="14.200">
    <system-out>
      <![CDATA[tc_005_searchUserByUserRole is onTestStart]]>
    </system-out>
  </testcase> <!-- tc_005_searchUserByUserRole -->
  <testcase classname="functionalTesting.AdminTest" name="tc_006_searchUserByEmployeeName" time="16.470">
    <system-out>
      <![CDATA[tc_006_searchUserByEmployeeName is onTestStart]]>
    </system-out>
  </testcase> <!-- tc_006_searchUserByEmployeeName -->
  <testcase classname="functionalTesting.AdminTest" name="tc_007_searchUserByStatus" time="14.823">
    <system-out>
      <![CDATA[tc_007_searchUserByStatus is onTestStart]]>
    </system-out>
  </testcase> <!-- tc_007_searchUserByStatus -->
  <testcase classname="functionalTesting.AdminTest" name="tc_008_combinedSearchUserRoleAndStatus" time="13.417">
    <system-out>
      <![CDATA[tc_008_combinedSearchUserRoleAndStatus is onTestStart]]>
    </system-out>
  </testcase> <!-- tc_008_combinedSearchUserRoleAndStatus -->
  <testcase classname="functionalTesting.AdminTest" name="tc_009_verifyResetButton" time="12.926">
    <system-out>
      <![CDATA[tc_009_verifyResetButton is onTestStart]]>
    </system-out>
  </testcase> <!-- tc_009_verifyResetButton -->
  <testcase classname="functionalTesting.AdminTest" name="tc_010_verifyAddUserNavigation" time="11.958">
    <system-out>
      <![CDATA[tc_010_verifyAddUserNavigation is onTestStart]]>
    </system-out>
  </testcase> <!-- tc_010_verifyAddUserNavigation -->
  <testcase classname="functionalTesting.AdminTest" name="tc_011_verifyTableHeaderCheckbox" time="11.738">
    <system-out>
      <![CDATA[tc_011_verifyTableHeaderCheckbox is onTestStart]]>
    </system-out>
  </testcase> <!-- tc_011_verifyTableHeaderCheckbox -->
  <testcase classname="functionalTesting.AdminTest" name="tc_012_verifyEditFirstRecord" time="13.901">
    <system-out>
      <![CDATA[tc_012_verifyEditFirstRecord is onTestStart]]>
    </system-out>
  </testcase> <!-- tc_012_verifyEditFirstRecord -->
  <testcase classname="functionalTesting.AdminTest" name="tc_013_verifyDeleteCancelFlow" time="11.034">
    <system-out>
      <![CDATA[tc_013_verifyDeleteCancelFlow is onTestStart]]>
    </system-out>
  </testcase> <!-- tc_013_verifyDeleteCancelFlow -->
  <testcase classname="functionalTesting.AdminTest" name="tc_014_verifyDeleteConfirmFlow" time="14.558">
    <system-out>
      <![CDATA[tc_014_verifyDeleteConfirmFlow is onTestStart]]>
    </system-out>
  </testcase> <!-- tc_014_verifyDeleteConfirmFlow -->
  <testcase classname="functionalTesting.AdminTest" name="tc_015_verifyProfileDropdownOptions" time="15.066">
    <system-out>
      <![CDATA[tc_015_verifyProfileDropdownOptions is onTestStart]]>
    </system-out>
  </testcase> <!-- tc_015_verifyProfileDropdownOptions -->
  <testcase classname="functionalTesting.AdminTest" name="tc_016_verifyHelpButton" time="10.671">
    <system-out>
      <![CDATA[tc_016_verifyHelpButton is onTestStart]]>
    </system-out>
  </testcase> <!-- tc_016_verifyHelpButton -->
  <testcase classname="functionalTesting.AdminTest" name="tc_019_verifyFooterText" time="10.186">
    <system-out>
      <![CDATA[tc_019_verifyFooterText is onTestStart]]>
    </system-out>
  </testcase> <!-- tc_019_verifyFooterText -->
  <system-out>
    <![CDATA[onStart
tc_001_verifyAdminPageLoaded is onTestStart
tc_002_verifyMainMenuNavigation is onTestStart
tc_003_verifyAdminMenus is onTestStart
tc_004_searchUserByUsername is onTestStart
tc_004_searchUserByUsername is onTestStart
tc_004_searchUserByUsername is onTestStart
tc_004_searchUserByUsername is onTestStart
tc_004_searchUserByUsername is onTestStart
tc_005_searchUserByUserRole is onTestStart
tc_006_searchUserByEmployeeName is onTestStart
tc_007_searchUserByStatus is onTestStart
tc_008_combinedSearchUserRoleAndStatus is onTestStart
tc_009_verifyResetButton is onTestStart
tc_010_verifyAddUserNavigation is onTestStart
tc_011_verifyTableHeaderCheckbox is onTestStart
tc_012_verifyEditFirstRecord is onTestStart
tc_013_verifyDeleteCancelFlow is onTestStart
tc_014_verifyDeleteConfirmFlow is onTestStart
tc_015_verifyProfileDropdownOptions is onTestStart
tc_016_verifyHelpButton is onTestStart
tc_019_verifyFooterText is onTestStart]]>
  </system-out>
</testsuite> <!-- functionalTesting.AdminTest -->
